{"/home/kit/testpai/TestProject/backend/src/controllers/auth.controller.js": {"path":"/home/kit/testpai/TestProject/backend/src/controllers/auth.controller.js","statementMap":{"0":{"start":{"line":1,"column":21},"end":{"line":1,"column":53}},"1":{"start":{"line":2,"column":22},"end":{"line":2,"column":45}},"2":{"start":{"line":3,"column":20},"end":{"line":3,"column":55}},"3":{"start":{"line":4,"column":17},"end":{"line":4,"column":45}},"4":{"start":{"line":5,"column":15},"end":{"line":5,"column":39}},"5":{"start":{"line":7,"column":14},"end":{"line":80,"column":2}},"6":{"start":{"line":8,"column":42},"end":{"line":8,"column":50}},"7":{"start":{"line":11,"column":4},"end":{"line":15,"column":5}},"8":{"start":{"line":12,"column":8},"end":{"line":12,"column":55}},"9":{"start":{"line":13,"column":11},"end":{"line":15,"column":5}},"10":{"start":{"line":14,"column":8},"end":{"line":14,"column":61}},"11":{"start":{"line":17,"column":4},"end":{"line":19,"column":5}},"12":{"start":{"line":18,"column":8},"end":{"line":18,"column":70}},"13":{"start":{"line":21,"column":28},"end":{"line":21,"column":92}},"14":{"start":{"line":23,"column":4},"end":{"line":25,"column":5}},"15":{"start":{"line":24,"column":8},"end":{"line":24,"column":55}},"16":{"start":{"line":27,"column":18},"end":{"line":27,"column":81}},"17":{"start":{"line":29,"column":4},"end":{"line":54,"column":5}},"18":{"start":{"line":30,"column":8},"end":{"line":44,"column":11}},"19":{"start":{"line":46,"column":8},"end":{"line":49,"column":11}},"20":{"start":{"line":52,"column":8},"end":{"line":52,"column":57}},"21":{"start":{"line":53,"column":8},"end":{"line":53,"column":65}},"22":{"start":{"line":73,"column":8},"end":{"line":73,"column":12}},"23":{"start":{"line":75,"column":4},"end":{"line":79,"column":7}},"24":{"start":{"line":82,"column":23},"end":{"line":120,"column":2}},"25":{"start":{"line":84,"column":19},"end":{"line":84,"column":31}},"26":{"start":{"line":85,"column":45},"end":{"line":85,"column":53}},"27":{"start":{"line":87,"column":19},"end":{"line":87,"column":89}},"28":{"start":{"line":89,"column":4},"end":{"line":94,"column":5}},"29":{"start":{"line":90,"column":8},"end":{"line":92,"column":9}},"30":{"start":{"line":91,"column":12},"end":{"line":91,"column":67}},"31":{"start":{"line":93,"column":8},"end":{"line":93,"column":62}},"32":{"start":{"line":96,"column":4},"end":{"line":113,"column":5}},"33":{"start":{"line":97,"column":8},"end":{"line":110,"column":11}},"34":{"start":{"line":112,"column":8},"end":{"line":112,"column":67}},"35":{"start":{"line":115,"column":4},"end":{"line":119,"column":7}},"36":{"start":{"line":122,"column":17},"end":{"line":150,"column":2}},"37":{"start":{"line":123,"column":19},"end":{"line":123,"column":31}},"38":{"start":{"line":125,"column":24},"end":{"line":125,"column":74}},"39":{"start":{"line":127,"column":4},"end":{"line":144,"column":5}},"40":{"start":{"line":128,"column":8},"end":{"line":141,"column":11}},"41":{"start":{"line":143,"column":8},"end":{"line":143,"column":71}},"42":{"start":{"line":146,"column":4},"end":{"line":149,"column":7}},"43":{"start":{"line":153,"column":15},"end":{"line":179,"column":2}},"44":{"start":{"line":154,"column":19},"end":{"line":154,"column":48}},"45":{"start":{"line":155,"column":22},"end":{"line":155,"column":60}},"46":{"start":{"line":157,"column":4},"end":{"line":173,"column":5}},"47":{"start":{"line":158,"column":8},"end":{"line":170,"column":11}},"48":{"start":{"line":172,"column":8},"end":{"line":172,"column":53}},"49":{"start":{"line":175,"column":4},"end":{"line":178,"column":7}},"50":{"start":{"line":181,"column":0},"end":{"line":181,"column":59}}},"fnMap":{"0":{"name":"(anonymous_0)","decl":{"start":{"line":7,"column":27},"end":{"line":7,"column":28}},"loc":{"start":{"line":7,"column":47},"end":{"line":80,"column":1}},"line":7},"1":{"name":"(anonymous_1)","decl":{"start":{"line":82,"column":36},"end":{"line":82,"column":37}},"loc":{"start":{"line":82,"column":56},"end":{"line":120,"column":1}},"line":82},"2":{"name":"(anonymous_2)","decl":{"start":{"line":122,"column":30},"end":{"line":122,"column":31}},"loc":{"start":{"line":122,"column":50},"end":{"line":150,"column":1}},"line":122},"3":{"name":"(anonymous_3)","decl":{"start":{"line":153,"column":28},"end":{"line":153,"column":29}},"loc":{"start":{"line":153,"column":48},"end":{"line":179,"column":1}},"line":153}},"branchMap":{"0":{"loc":{"start":{"line":11,"column":4},"end":{"line":15,"column":5}},"type":"if","locations":[{"start":{"line":11,"column":4},"end":{"line":15,"column":5}},{"start":{"line":13,"column":11},"end":{"line":15,"column":5}}],"line":11},"1":{"loc":{"start":{"line":13,"column":11},"end":{"line":15,"column":5}},"type":"if","locations":[{"start":{"line":13,"column":11},"end":{"line":15,"column":5}},{"start":{},"end":{}}],"line":13},"2":{"loc":{"start":{"line":17,"column":4},"end":{"line":19,"column":5}},"type":"if","locations":[{"start":{"line":17,"column":4},"end":{"line":19,"column":5}},{"start":{},"end":{}}],"line":17},"3":{"loc":{"start":{"line":17,"column":8},"end":{"line":17,"column":30}},"type":"binary-expr","locations":[{"start":{"line":17,"column":8},"end":{"line":17,"column":12}},{"start":{"line":17,"column":16},"end":{"line":17,"column":30}}],"line":17},"4":{"loc":{"start":{"line":21,"column":28},"end":{"line":21,"column":92}},"type":"cond-expr","locations":[{"start":{"line":21,"column":35},"end":{"line":21,"column":84}},{"start":{"line":21,"column":87},"end":{"line":21,"column":92}}],"line":21},"5":{"loc":{"start":{"line":23,"column":4},"end":{"line":25,"column":5}},"type":"if","locations":[{"start":{"line":23,"column":4},"end":{"line":25,"column":5}},{"start":{},"end":{}}],"line":23},"6":{"loc":{"start":{"line":23,"column":8},"end":{"line":23,"column":33}},"type":"binary-expr","locations":[{"start":{"line":23,"column":8},"end":{"line":23,"column":13}},{"start":{"line":23,"column":17},"end":{"line":23,"column":33}}],"line":23},"7":{"loc":{"start":{"line":38,"column":27},"end":{"line":38,"column":78}},"type":"binary-expr","locations":[{"start":{"line":38,"column":27},"end":{"line":38,"column":33}},{"start":{"line":38,"column":37},"end":{"line":38,"column":65}},{"start":{"line":38,"column":69},"end":{"line":38,"column":78}}],"line":38},"8":{"loc":{"start":{"line":41,"column":33},"end":{"line":41,"column":61}},"type":"cond-expr","locations":[{"start":{"line":41,"column":41},"end":{"line":41,"column":48}},{"start":{"line":41,"column":51},"end":{"line":41,"column":61}}],"line":41},"9":{"loc":{"start":{"line":89,"column":4},"end":{"line":94,"column":5}},"type":"if","locations":[{"start":{"line":89,"column":4},"end":{"line":94,"column":5}},{"start":{},"end":{}}],"line":89},"10":{"loc":{"start":{"line":90,"column":8},"end":{"line":92,"column":9}},"type":"if","locations":[{"start":{"line":90,"column":8},"end":{"line":92,"column":9}},{"start":{},"end":{}}],"line":90},"11":{"loc":{"start":{"line":103,"column":27},"end":{"line":103,"column":78}},"type":"binary-expr","locations":[{"start":{"line":103,"column":27},"end":{"line":103,"column":33}},{"start":{"line":103,"column":37},"end":{"line":103,"column":65}},{"start":{"line":103,"column":69},"end":{"line":103,"column":78}}],"line":103},"12":{"loc":{"start":{"line":134,"column":27},"end":{"line":134,"column":78}},"type":"binary-expr","locations":[{"start":{"line":134,"column":27},"end":{"line":134,"column":33}},{"start":{"line":134,"column":37},"end":{"line":134,"column":65}},{"start":{"line":134,"column":69},"end":{"line":134,"column":78}}],"line":134},"13":{"loc":{"start":{"line":154,"column":19},"end":{"line":154,"column":48}},"type":"binary-expr","locations":[{"start":{"line":154,"column":19},"end":{"line":154,"column":32}},{"start":{"line":154,"column":36},"end":{"line":154,"column":48}}],"line":154},"14":{"loc":{"start":{"line":155,"column":22},"end":{"line":155,"column":60}},"type":"binary-expr","locations":[{"start":{"line":155,"column":22},"end":{"line":155,"column":28}},{"start":{"line":155,"column":32},"end":{"line":155,"column":60}}],"line":155},"15":{"loc":{"start":{"line":161,"column":24},"end":{"line":161,"column":38}},"type":"binary-expr","locations":[{"start":{"line":161,"column":24},"end":{"line":161,"column":30}},{"start":{"line":161,"column":34},"end":{"line":161,"column":38}}],"line":161},"16":{"loc":{"start":{"line":165,"column":26},"end":{"line":165,"column":64}},"type":"cond-expr","locations":[{"start":{"line":165,"column":35},"end":{"line":165,"column":52}},{"start":{"line":165,"column":55},"end":{"line":165,"column":64}}],"line":165},"17":{"loc":{"start":{"line":167,"column":29},"end":{"line":167,"column":113}},"type":"cond-expr","locations":[{"start":{"line":167,"column":38},"end":{"line":167,"column":68}},{"start":{"line":167,"column":71},"end":{"line":167,"column":113}}],"line":167}},"s":{"0":1,"1":1,"2":1,"3":1,"4":1,"5":1,"6":3,"7":3,"8":3,"9":0,"10":0,"11":3,"12":1,"13":2,"14":2,"15":1,"16":1,"17":1,"18":1,"19":1,"20":0,"21":0,"22":1,"23":1,"24":1,"25":2,"26":2,"27":2,"28":2,"29":1,"30":1,"31":0,"32":1,"33":1,"34":0,"35":1,"36":1,"37":1,"38":1,"39":1,"40":1,"41":0,"42":1,"43":1,"44":1,"45":1,"46":1,"47":1,"48":0,"49":1,"50":1},"f":{"0":3,"1":2,"2":1,"3":1},"b":{"0":[3,0],"1":[0,0],"2":[1,2],"3":[3,3],"4":[2,0],"5":[1,1],"6":[2,2],"7":[1,0,0],"8":[1,0],"9":[1,1],"10":[1,0],"11":[1,0,0],"12":[1,0,0],"13":[1,0],"14":[1,0],"15":[1,0],"16":[1,0],"17":[1,0]},"_coverageSchema":"1a1c01bbd47fc00a2c39e90264f33305004495a9","hash":"15c359a3adc050867d6f2bb488ec9e688fd77685"}
,"/home/kit/testpai/TestProject/backend/src/controllers/booking.controller.js": {"path":"/home/kit/testpai/TestProject/backend/src/controllers/booking.controller.js","statementMap":{"0":{"start":{"line":1,"column":21},"end":{"line":1,"column":53}},"1":{"start":{"line":2,"column":23},"end":{"line":2,"column":61}},"2":{"start":{"line":3,"column":17},"end":{"line":3,"column":45}},"3":{"start":{"line":4,"column":15},"end":{"line":4,"column":39}},"4":{"start":{"line":6,"column":26},"end":{"line":9,"column":2}},"5":{"start":{"line":7,"column":17},"end":{"line":7,"column":68}},"6":{"start":{"line":8,"column":2},"end":{"line":8,"column":92}},"7":{"start":{"line":11,"column":27},"end":{"line":29,"column":2}},"8":{"start":{"line":12,"column":18},"end":{"line":12,"column":67}},"9":{"start":{"line":14,"column":2},"end":{"line":26,"column":57}},"10":{"start":{"line":15,"column":4},"end":{"line":25,"column":7}},"11":{"start":{"line":26,"column":16},"end":{"line":26,"column":55}},"12":{"start":{"line":28,"column":2},"end":{"line":28,"column":57}},"13":{"start":{"line":31,"column":27},"end":{"line":50,"column":2}},"14":{"start":{"line":32,"column":17},"end":{"line":32,"column":27}},"15":{"start":{"line":33,"column":18},"end":{"line":33,"column":71}},"16":{"start":{"line":35,"column":2},"end":{"line":47,"column":57}},"17":{"start":{"line":36,"column":4},"end":{"line":46,"column":7}},"18":{"start":{"line":47,"column":16},"end":{"line":47,"column":55}},"19":{"start":{"line":49,"column":2},"end":{"line":49,"column":57}},"20":{"start":{"line":52,"column":22},"end":{"line":82,"column":2}},"21":{"start":{"line":53,"column":22},"end":{"line":53,"column":34}},"22":{"start":{"line":54,"column":18},"end":{"line":59,"column":3}},"23":{"start":{"line":61,"column":18},"end":{"line":61,"column":74}},"24":{"start":{"line":63,"column":2},"end":{"line":79,"column":57}},"25":{"start":{"line":64,"column":4},"end":{"line":78,"column":7}},"26":{"start":{"line":79,"column":16},"end":{"line":79,"column":55}},"27":{"start":{"line":81,"column":2},"end":{"line":81,"column":57}},"28":{"start":{"line":84,"column":22},"end":{"line":88,"column":2}},"29":{"start":{"line":85,"column":22},"end":{"line":85,"column":34}},"30":{"start":{"line":86,"column":15},"end":{"line":86,"column":62}},"31":{"start":{"line":87,"column":2},"end":{"line":87,"column":54}},"32":{"start":{"line":90,"column":28},"end":{"line":97,"column":2}},"33":{"start":{"line":91,"column":17},"end":{"line":91,"column":27}},"34":{"start":{"line":93,"column":18},"end":{"line":93,"column":57}},"35":{"start":{"line":94,"column":2},"end":{"line":94,"column":61}},"36":{"start":{"line":94,"column":16},"end":{"line":94,"column":61}},"37":{"start":{"line":96,"column":2},"end":{"line":96,"column":57}},"38":{"start":{"line":99,"column":23},"end":{"line":113,"column":2}},"39":{"start":{"line":100,"column":17},"end":{"line":100,"column":27}},"40":{"start":{"line":101,"column":18},"end":{"line":101,"column":57}},"41":{"start":{"line":102,"column":2},"end":{"line":102,"column":61}},"42":{"start":{"line":102,"column":16},"end":{"line":102,"column":61}},"43":{"start":{"line":104,"column":17},"end":{"line":104,"column":29}},"44":{"start":{"line":105,"column":2},"end":{"line":110,"column":3}},"45":{"start":{"line":109,"column":4},"end":{"line":109,"column":41}},"46":{"start":{"line":112,"column":2},"end":{"line":112,"column":57}},"47":{"start":{"line":115,"column":28},"end":{"line":144,"column":2}},"48":{"start":{"line":116,"column":19},"end":{"line":116,"column":31}},"49":{"start":{"line":117,"column":17},"end":{"line":117,"column":27}},"50":{"start":{"line":118,"column":21},"end":{"line":118,"column":29}},"51":{"start":{"line":120,"column":18},"end":{"line":124,"column":3}},"52":{"start":{"line":126,"column":2},"end":{"line":141,"column":57}},"53":{"start":{"line":127,"column":4},"end":{"line":140,"column":7}},"54":{"start":{"line":141,"column":16},"end":{"line":141,"column":55}},"55":{"start":{"line":143,"column":2},"end":{"line":143,"column":57}},"56":{"start":{"line":146,"column":22},"end":{"line":172,"column":2}},"57":{"start":{"line":147,"column":22},"end":{"line":147,"column":34}},"58":{"start":{"line":148,"column":17},"end":{"line":148,"column":27}},"59":{"start":{"line":149,"column":21},"end":{"line":149,"column":29}},"60":{"start":{"line":151,"column":20},"end":{"line":151,"column":83}},"61":{"start":{"line":153,"column":2},"end":{"line":169,"column":57}},"62":{"start":{"line":154,"column":4},"end":{"line":168,"column":7}},"63":{"start":{"line":169,"column":16},"end":{"line":169,"column":55}},"64":{"start":{"line":171,"column":2},"end":{"line":171,"column":59}},"65":{"start":{"line":174,"column":22},"end":{"line":194,"column":2}},"66":{"start":{"line":175,"column":17},"end":{"line":175,"column":29}},"67":{"start":{"line":176,"column":17},"end":{"line":176,"column":27}},"68":{"start":{"line":177,"column":18},"end":{"line":177,"column":64}},"69":{"start":{"line":179,"column":2},"end":{"line":191,"column":57}},"70":{"start":{"line":180,"column":4},"end":{"line":190,"column":7}},"71":{"start":{"line":191,"column":16},"end":{"line":191,"column":55}},"72":{"start":{"line":193,"column":2},"end":{"line":193,"column":57}},"73":{"start":{"line":196,"column":27},"end":{"line":215,"column":2}},"74":{"start":{"line":197,"column":17},"end":{"line":197,"column":27}},"75":{"start":{"line":198,"column":17},"end":{"line":198,"column":60}},"76":{"start":{"line":200,"column":2},"end":{"line":212,"column":57}},"77":{"start":{"line":201,"column":4},"end":{"line":211,"column":7}},"78":{"start":{"line":212,"column":16},"end":{"line":212,"column":55}},"79":{"start":{"line":214,"column":2},"end":{"line":214,"column":56}},"80":{"start":{"line":217,"column":0},"end":{"line":229,"column":2}}},"fnMap":{"0":{"name":"(anonymous_0)","decl":{"start":{"line":6,"column":39},"end":{"line":6,"column":40}},"loc":{"start":{"line":6,"column":59},"end":{"line":9,"column":1}},"line":6},"1":{"name":"(anonymous_1)","decl":{"start":{"line":11,"column":40},"end":{"line":11,"column":41}},"loc":{"start":{"line":11,"column":60},"end":{"line":29,"column":1}},"line":11},"2":{"name":"(anonymous_2)","decl":{"start":{"line":31,"column":40},"end":{"line":31,"column":41}},"loc":{"start":{"line":31,"column":60},"end":{"line":50,"column":1}},"line":31},"3":{"name":"(anonymous_3)","decl":{"start":{"line":52,"column":35},"end":{"line":52,"column":36}},"loc":{"start":{"line":52,"column":55},"end":{"line":82,"column":1}},"line":52},"4":{"name":"(anonymous_4)","decl":{"start":{"line":84,"column":35},"end":{"line":84,"column":36}},"loc":{"start":{"line":84,"column":55},"end":{"line":88,"column":1}},"line":84},"5":{"name":"(anonymous_5)","decl":{"start":{"line":90,"column":41},"end":{"line":90,"column":42}},"loc":{"start":{"line":90,"column":61},"end":{"line":97,"column":1}},"line":90},"6":{"name":"(anonymous_6)","decl":{"start":{"line":99,"column":36},"end":{"line":99,"column":37}},"loc":{"start":{"line":99,"column":56},"end":{"line":113,"column":1}},"line":99},"7":{"name":"(anonymous_7)","decl":{"start":{"line":115,"column":41},"end":{"line":115,"column":42}},"loc":{"start":{"line":115,"column":61},"end":{"line":144,"column":1}},"line":115},"8":{"name":"(anonymous_8)","decl":{"start":{"line":146,"column":35},"end":{"line":146,"column":36}},"loc":{"start":{"line":146,"column":55},"end":{"line":172,"column":1}},"line":146},"9":{"name":"(anonymous_9)","decl":{"start":{"line":174,"column":35},"end":{"line":174,"column":36}},"loc":{"start":{"line":174,"column":55},"end":{"line":194,"column":1}},"line":174},"10":{"name":"(anonymous_10)","decl":{"start":{"line":196,"column":40},"end":{"line":196,"column":41}},"loc":{"start":{"line":196,"column":60},"end":{"line":215,"column":1}},"line":196}},"branchMap":{"0":{"loc":{"start":{"line":21,"column":19},"end":{"line":21,"column":70}},"type":"binary-expr","locations":[{"start":{"line":21,"column":19},"end":{"line":21,"column":25}},{"start":{"line":21,"column":29},"end":{"line":21,"column":57}},{"start":{"line":21,"column":61},"end":{"line":21,"column":70}}],"line":21},"1":{"loc":{"start":{"line":42,"column":19},"end":{"line":42,"column":70}},"type":"binary-expr","locations":[{"start":{"line":42,"column":19},"end":{"line":42,"column":25}},{"start":{"line":42,"column":29},"end":{"line":42,"column":57}},{"start":{"line":42,"column":61},"end":{"line":42,"column":70}}],"line":42},"2":{"loc":{"start":{"line":70,"column":19},"end":{"line":70,"column":70}},"type":"binary-expr","locations":[{"start":{"line":70,"column":19},"end":{"line":70,"column":25}},{"start":{"line":70,"column":29},"end":{"line":70,"column":57}},{"start":{"line":70,"column":61},"end":{"line":70,"column":70}}],"line":70},"3":{"loc":{"start":{"line":94,"column":2},"end":{"line":94,"column":61}},"type":"if","locations":[{"start":{"line":94,"column":2},"end":{"line":94,"column":61}},{"start":{},"end":{}}],"line":94},"4":{"loc":{"start":{"line":102,"column":2},"end":{"line":102,"column":61}},"type":"if","locations":[{"start":{"line":102,"column":2},"end":{"line":102,"column":61}},{"start":{},"end":{}}],"line":102},"5":{"loc":{"start":{"line":105,"column":2},"end":{"line":110,"column":3}},"type":"if","locations":[{"start":{"line":105,"column":2},"end":{"line":110,"column":3}},{"start":{},"end":{}}],"line":105},"6":{"loc":{"start":{"line":106,"column":4},"end":{"line":107,"column":37}},"type":"binary-expr","locations":[{"start":{"line":106,"column":4},"end":{"line":106,"column":34}},{"start":{"line":107,"column":4},"end":{"line":107,"column":37}}],"line":106},"7":{"loc":{"start":{"line":133,"column":19},"end":{"line":133,"column":70}},"type":"binary-expr","locations":[{"start":{"line":133,"column":19},"end":{"line":133,"column":25}},{"start":{"line":133,"column":29},"end":{"line":133,"column":57}},{"start":{"line":133,"column":61},"end":{"line":133,"column":70}}],"line":133},"8":{"loc":{"start":{"line":160,"column":19},"end":{"line":160,"column":70}},"type":"binary-expr","locations":[{"start":{"line":160,"column":19},"end":{"line":160,"column":25}},{"start":{"line":160,"column":29},"end":{"line":160,"column":57}},{"start":{"line":160,"column":61},"end":{"line":160,"column":70}}],"line":160},"9":{"loc":{"start":{"line":186,"column":19},"end":{"line":186,"column":70}},"type":"binary-expr","locations":[{"start":{"line":186,"column":19},"end":{"line":186,"column":25}},{"start":{"line":186,"column":29},"end":{"line":186,"column":57}},{"start":{"line":186,"column":61},"end":{"line":186,"column":70}}],"line":186},"10":{"loc":{"start":{"line":207,"column":19},"end":{"line":207,"column":70}},"type":"binary-expr","locations":[{"start":{"line":207,"column":19},"end":{"line":207,"column":25}},{"start":{"line":207,"column":29},"end":{"line":207,"column":57}},{"start":{"line":207,"column":61},"end":{"line":207,"column":70}}],"line":207}},"s":{"0":1,"1":1,"2":1,"3":1,"4":1,"5":1,"6":1,"7":1,"8":1,"9":1,"10":1,"11":0,"12":1,"13":1,"14":0,"15":0,"16":0,"17":0,"18":0,"19":0,"20":1,"21":1,"22":1,"23":1,"24":1,"25":1,"26":0,"27":1,"28":1,"29":0,"30":0,"31":0,"32":1,"33":0,"34":0,"35":0,"36":0,"37":0,"38":1,"39":4,"40":4,"41":4,"42":1,"43":3,"44":3,"45":1,"46":2,"47":1,"48":1,"49":1,"50":1,"51":1,"52":1,"53":1,"54":0,"55":1,"56":1,"57":1,"58":1,"59":1,"60":1,"61":1,"62":1,"63":0,"64":1,"65":1,"66":0,"67":0,"68":0,"69":0,"70":0,"71":0,"72":0,"73":1,"74":1,"75":1,"76":1,"77":1,"78":0,"79":1,"80":1},"f":{"0":1,"1":1,"2":0,"3":1,"4":0,"5":0,"6":4,"7":1,"8":1,"9":0,"10":1},"b":{"0":[1,0,0],"1":[0,0,0],"2":[1,0,0],"3":[0,0],"4":[1,3],"5":[1,2],"6":[3,2],"7":[1,0,0],"8":[1,0,0],"9":[0,0,0],"10":[1,0,0]},"_coverageSchema":"1a1c01bbd47fc00a2c39e90264f33305004495a9","hash":"0bc2d3999eae18c0216d0735d361c438f7723393"}
,"/home/kit/testpai/TestProject/backend/src/controllers/delete.controller.js": {"path":"/home/kit/testpai/TestProject/backend/src/controllers/delete.controller.js","statementMap":{"0":{"start":{"line":1,"column":21},"end":{"line":1,"column":53}},"1":{"start":{"line":2,"column":22},"end":{"line":2,"column":59}},"2":{"start":{"line":3,"column":23},"end":{"line":3,"column":61}},"3":{"start":{"line":4,"column":21},"end":{"line":4,"column":57}},"4":{"start":{"line":5,"column":23},"end":{"line":5,"column":61}},"5":{"start":{"line":6,"column":20},"end":{"line":6,"column":55}},"6":{"start":{"line":7,"column":17},"end":{"line":7,"column":45}},"7":{"start":{"line":8,"column":21},"end":{"line":8,"column":57}},"8":{"start":{"line":9,"column":15},"end":{"line":9,"column":39}},"9":{"start":{"line":12,"column":28},"end":{"line":111,"column":6}},"10":{"start":{"line":13,"column":23},"end":{"line":13,"column":50}},"11":{"start":{"line":15,"column":8},"end":{"line":18,"column":9}},"12":{"start":{"line":16,"column":12},"end":{"line":16,"column":56}},"13":{"start":{"line":17,"column":12},"end":{"line":17,"column":62}},"14":{"start":{"line":20,"column":22},"end":{"line":20,"column":36}},"15":{"start":{"line":27,"column":12},"end":{"line":27,"column":20}},"16":{"start":{"line":29,"column":26},"end":{"line":36,"column":9}},"17":{"start":{"line":38,"column":8},"end":{"line":40,"column":11}},"18":{"start":{"line":42,"column":8},"end":{"line":109,"column":9}},"19":{"start":{"line":43,"column":31},"end":{"line":49,"column":13}},"20":{"start":{"line":51,"column":34},"end":{"line":51,"column":86}},"21":{"start":{"line":53,"column":12},"end":{"line":56,"column":13}},"22":{"start":{"line":54,"column":16},"end":{"line":54,"column":76}},"23":{"start":{"line":55,"column":16},"end":{"line":55,"column":63}},"24":{"start":{"line":57,"column":12},"end":{"line":60,"column":13}},"25":{"start":{"line":58,"column":16},"end":{"line":58,"column":82}},"26":{"start":{"line":59,"column":16},"end":{"line":59,"column":63}},"27":{"start":{"line":61,"column":12},"end":{"line":64,"column":13}},"28":{"start":{"line":62,"column":16},"end":{"line":62,"column":75}},"29":{"start":{"line":63,"column":16},"end":{"line":63,"column":61}},"30":{"start":{"line":65,"column":12},"end":{"line":68,"column":13}},"31":{"start":{"line":66,"column":16},"end":{"line":66,"column":81}},"32":{"start":{"line":67,"column":16},"end":{"line":67,"column":63}},"33":{"start":{"line":70,"column":12},"end":{"line":92,"column":13}},"34":{"start":{"line":71,"column":16},"end":{"line":89,"column":19}},"35":{"start":{"line":91,"column":16},"end":{"line":91,"column":74}},"36":{"start":{"line":94,"column":12},"end":{"line":104,"column":13}},"37":{"start":{"line":95,"column":16},"end":{"line":103,"column":19}},"38":{"start":{"line":108,"column":12},"end":{"line":108,"column":69}},"39":{"start":{"line":114,"column":0},"end":{"line":114,"column":34}}},"fnMap":{"0":{"name":"(anonymous_0)","decl":{"start":{"line":12,"column":41},"end":{"line":12,"column":42}},"loc":{"start":{"line":12,"column":61},"end":{"line":111,"column":5}},"line":12}},"branchMap":{"0":{"loc":{"start":{"line":13,"column":23},"end":{"line":13,"column":50}},"type":"binary-expr","locations":[{"start":{"line":13,"column":23},"end":{"line":13,"column":34}},{"start":{"line":13,"column":38},"end":{"line":13,"column":50}}],"line":13},"1":{"loc":{"start":{"line":15,"column":8},"end":{"line":18,"column":9}},"type":"if","locations":[{"start":{"line":15,"column":8},"end":{"line":18,"column":9}},{"start":{},"end":{}}],"line":15},"2":{"loc":{"start":{"line":53,"column":12},"end":{"line":56,"column":13}},"type":"if","locations":[{"start":{"line":53,"column":12},"end":{"line":56,"column":13}},{"start":{},"end":{}}],"line":53},"3":{"loc":{"start":{"line":57,"column":12},"end":{"line":60,"column":13}},"type":"if","locations":[{"start":{"line":57,"column":12},"end":{"line":60,"column":13}},{"start":{},"end":{}}],"line":57},"4":{"loc":{"start":{"line":61,"column":12},"end":{"line":64,"column":13}},"type":"if","locations":[{"start":{"line":61,"column":12},"end":{"line":64,"column":13}},{"start":{},"end":{}}],"line":61},"5":{"loc":{"start":{"line":61,"column":16},"end":{"line":61,"column":72}},"type":"binary-expr","locations":[{"start":{"line":61,"column":16},"end":{"line":61,"column":42}},{"start":{"line":61,"column":46},"end":{"line":61,"column":72}}],"line":61},"6":{"loc":{"start":{"line":65,"column":12},"end":{"line":68,"column":13}},"type":"if","locations":[{"start":{"line":65,"column":12},"end":{"line":68,"column":13}},{"start":{},"end":{}}],"line":65},"7":{"loc":{"start":{"line":77,"column":35},"end":{"line":77,"column":86}},"type":"binary-expr","locations":[{"start":{"line":77,"column":35},"end":{"line":77,"column":41}},{"start":{"line":77,"column":45},"end":{"line":77,"column":73}},{"start":{"line":77,"column":77},"end":{"line":77,"column":86}}],"line":77},"8":{"loc":{"start":{"line":94,"column":12},"end":{"line":104,"column":13}},"type":"if","locations":[{"start":{"line":94,"column":12},"end":{"line":104,"column":13}},{"start":{},"end":{}}],"line":94},"9":{"loc":{"start":{"line":94,"column":16},"end":{"line":94,"column":52}},"type":"binary-expr","locations":[{"start":{"line":94,"column":16},"end":{"line":94,"column":43}},{"start":{"line":94,"column":47},"end":{"line":94,"column":52}}],"line":94}},"s":{"0":1,"1":1,"2":1,"3":1,"4":1,"5":1,"6":1,"7":1,"8":1,"9":1,"10":4,"11":4,"12":1,"13":1,"14":3,"15":3,"16":3,"17":3,"18":3,"19":3,"20":3,"21":3,"22":1,"23":1,"24":3,"25":1,"26":1,"27":3,"28":1,"29":1,"30":3,"31":1,"32":1,"33":3,"34":3,"35":0,"36":3,"37":2,"38":1,"39":1},"f":{"0":4},"b":{"0":[4,1],"1":[1,3],"2":[1,2],"3":[1,2],"4":[1,2],"5":[3,2],"6":[1,2],"7":[3,0,0],"8":[2,1],"9":[3,2]},"_coverageSchema":"1a1c01bbd47fc00a2c39e90264f33305004495a9","hash":"30577a0e0bdd02ee9266dc3720a49f8701ba4972"}
,"/home/kit/testpai/TestProject/backend/src/controllers/driverVerification.controller.js": {"path":"/home/kit/testpai/TestProject/backend/src/controllers/driverVerification.controller.js","statementMap":{"0":{"start":{"line":1,"column":21},"end":{"line":1,"column":53}},"1":{"start":{"line":2,"column":21},"end":{"line":2,"column":70}},"2":{"start":{"line":3,"column":17},"end":{"line":3,"column":45}},"3":{"start":{"line":4,"column":31},"end":{"line":4,"column":61}},"4":{"start":{"line":5,"column":21},"end":{"line":5,"column":64}},"5":{"start":{"line":6,"column":15},"end":{"line":6,"column":39}},"6":{"start":{"line":8,"column":31},"end":{"line":15,"column":2}},"7":{"start":{"line":9,"column":17},"end":{"line":9,"column":66}},"8":{"start":{"line":10,"column":2},"end":{"line":14,"column":5}},"9":{"start":{"line":17,"column":26},"end":{"line":25,"column":2}},"10":{"start":{"line":18,"column":17},"end":{"line":18,"column":29}},"11":{"start":{"line":19,"column":17},"end":{"line":19,"column":65}},"12":{"start":{"line":20,"column":2},"end":{"line":24,"column":5}},"13":{"start":{"line":27,"column":27},"end":{"line":96,"column":2}},"14":{"start":{"line":28,"column":17},"end":{"line":28,"column":29}},"15":{"start":{"line":29,"column":2},"end":{"line":31,"column":3}},"16":{"start":{"line":30,"column":4},"end":{"line":30,"column":75}},"17":{"start":{"line":33,"column":40},"end":{"line":39,"column":4}},"18":{"start":{"line":41,"column":18},"end":{"line":51,"column":3}},"19":{"start":{"line":53,"column":17},"end":{"line":53,"column":63}},"20":{"start":{"line":55,"column":2},"end":{"line":72,"column":3}},"21":{"start":{"line":56,"column":6},"end":{"line":69,"column":9}},"22":{"start":{"line":71,"column":6},"end":{"line":71,"column":77}},"23":{"start":{"line":74,"column":23},"end":{"line":87,"column":3}},"24":{"start":{"line":89,"column":2},"end":{"line":89,"column":60}},"25":{"start":{"line":91,"column":2},"end":{"line":95,"column":5}},"26":{"start":{"line":98,"column":27},"end":{"line":150,"column":2}},"27":{"start":{"line":99,"column":17},"end":{"line":99,"column":29}},"28":{"start":{"line":100,"column":17},"end":{"line":100,"column":27}},"29":{"start":{"line":102,"column":19},"end":{"line":102,"column":61}},"30":{"start":{"line":103,"column":2},"end":{"line":103,"column":67}},"31":{"start":{"line":103,"column":17},"end":{"line":103,"column":67}},"32":{"start":{"line":104,"column":2},"end":{"line":104,"column":71}},"33":{"start":{"line":104,"column":34},"end":{"line":104,"column":71}},"34":{"start":{"line":106,"column":17},"end":{"line":106,"column":41}},"35":{"start":{"line":107,"column":2},"end":{"line":113,"column":3}},"36":{"start":{"line":108,"column":19},"end":{"line":111,"column":5}},"37":{"start":{"line":112,"column":4},"end":{"line":112,"column":26}},"38":{"start":{"line":115,"column":18},"end":{"line":124,"column":3}},"39":{"start":{"line":126,"column":18},"end":{"line":126,"column":68}},"40":{"start":{"line":128,"column":23},"end":{"line":141,"column":3}},"41":{"start":{"line":143,"column":2},"end":{"line":143,"column":60}},"42":{"start":{"line":145,"column":2},"end":{"line":149,"column":5}},"43":{"start":{"line":152,"column":28},"end":{"line":159,"column":2}},"44":{"start":{"line":153,"column":15},"end":{"line":153,"column":55}},"45":{"start":{"line":154,"column":2},"end":{"line":158,"column":5}},"46":{"start":{"line":161,"column":28},"end":{"line":170,"column":2}},"47":{"start":{"line":162,"column":17},"end":{"line":162,"column":27}},"48":{"start":{"line":163,"column":14},"end":{"line":163,"column":56}},"49":{"start":{"line":164,"column":2},"end":{"line":164,"column":62}},"50":{"start":{"line":164,"column":12},"end":{"line":164,"column":62}},"51":{"start":{"line":165,"column":2},"end":{"line":169,"column":5}},"52":{"start":{"line":172,"column":33},"end":{"line":233,"column":2}},"53":{"start":{"line":173,"column":17},"end":{"line":173,"column":27}},"54":{"start":{"line":174,"column":21},"end":{"line":174,"column":29}},"55":{"start":{"line":175,"column":18},"end":{"line":175,"column":73}},"56":{"start":{"line":177,"column":2},"end":{"line":226,"column":3}},"57":{"start":{"line":178,"column":4},"end":{"line":223,"column":5}},"58":{"start":{"line":179,"column":6},"end":{"line":192,"column":9}},"59":{"start":{"line":193,"column":11},"end":{"line":223,"column":5}},"60":{"start":{"line":194,"column":6},"end":{"line":207,"column":9}},"61":{"start":{"line":208,"column":11},"end":{"line":223,"column":5}},"62":{"start":{"line":209,"column":6},"end":{"line":222,"column":9}},"63":{"start":{"line":225,"column":4},"end":{"line":225,"column":68}},"64":{"start":{"line":228,"column":2},"end":{"line":232,"column":5}},"65":{"start":{"line":235,"column":32},"end":{"line":257,"column":2}},"66":{"start":{"line":236,"column":18},"end":{"line":236,"column":33}},"67":{"start":{"line":238,"column":2},"end":{"line":241,"column":3}},"68":{"start":{"line":239,"column":14},"end":{"line":239,"column":97}},"69":{"start":{"line":240,"column":4},"end":{"line":240,"column":36}},"70":{"start":{"line":242,"column":2},"end":{"line":245,"column":3}},"71":{"start":{"line":243,"column":14},"end":{"line":243,"column":95}},"72":{"start":{"line":244,"column":4},"end":{"line":244,"column":35}},"73":{"start":{"line":247,"column":2},"end":{"line":247,"column":94}},"74":{"start":{"line":247,"column":32},"end":{"line":247,"column":94}},"75":{"start":{"line":248,"column":2},"end":{"line":248,"column":97}},"76":{"start":{"line":248,"column":33},"end":{"line":248,"column":97}},"77":{"start":{"line":250,"column":18},"end":{"line":250,"column":71}},"78":{"start":{"line":252,"column":2},"end":{"line":256,"column":5}},"79":{"start":{"line":259,"column":32},"end":{"line":271,"column":2}},"80":{"start":{"line":260,"column":17},"end":{"line":260,"column":27}},"81":{"start":{"line":262,"column":19},"end":{"line":262,"column":61}},"82":{"start":{"line":263,"column":2},"end":{"line":263,"column":67}},"83":{"start":{"line":263,"column":17},"end":{"line":263,"column":67}},"84":{"start":{"line":265,"column":2},"end":{"line":265,"column":51}},"85":{"start":{"line":267,"column":2},"end":{"line":270,"column":5}},"86":{"start":{"line":273,"column":32},"end":{"line":299,"column":2}},"87":{"start":{"line":274,"column":17},"end":{"line":274,"column":27}},"88":{"start":{"line":275,"column":19},"end":{"line":275,"column":61}},"89":{"start":{"line":276,"column":2},"end":{"line":276,"column":67}},"90":{"start":{"line":276,"column":17},"end":{"line":276,"column":67}},"91":{"start":{"line":278,"column":18},"end":{"line":278,"column":33}},"92":{"start":{"line":280,"column":2},"end":{"line":283,"column":3}},"93":{"start":{"line":281,"column":14},"end":{"line":281,"column":97}},"94":{"start":{"line":282,"column":4},"end":{"line":282,"column":36}},"95":{"start":{"line":284,"column":2},"end":{"line":287,"column":3}},"96":{"start":{"line":285,"column":14},"end":{"line":285,"column":95}},"97":{"start":{"line":286,"column":4},"end":{"line":286,"column":35}},"98":{"start":{"line":289,"column":2},"end":{"line":289,"column":94}},"99":{"start":{"line":289,"column":32},"end":{"line":289,"column":94}},"100":{"start":{"line":290,"column":2},"end":{"line":290,"column":97}},"101":{"start":{"line":290,"column":33},"end":{"line":290,"column":97}},"102":{"start":{"line":292,"column":18},"end":{"line":292,"column":75}},"103":{"start":{"line":294,"column":2},"end":{"line":298,"column":5}},"104":{"start":{"line":301,"column":0},"end":{"line":312,"column":2}}},"fnMap":{"0":{"name":"(anonymous_0)","decl":{"start":{"line":8,"column":44},"end":{"line":8,"column":45}},"loc":{"start":{"line":8,"column":64},"end":{"line":15,"column":1}},"line":8},"1":{"name":"(anonymous_1)","decl":{"start":{"line":17,"column":39},"end":{"line":17,"column":40}},"loc":{"start":{"line":17,"column":59},"end":{"line":25,"column":1}},"line":17},"2":{"name":"(anonymous_2)","decl":{"start":{"line":27,"column":40},"end":{"line":27,"column":41}},"loc":{"start":{"line":27,"column":60},"end":{"line":96,"column":1}},"line":27},"3":{"name":"(anonymous_3)","decl":{"start":{"line":98,"column":40},"end":{"line":98,"column":41}},"loc":{"start":{"line":98,"column":60},"end":{"line":150,"column":1}},"line":98},"4":{"name":"(anonymous_4)","decl":{"start":{"line":152,"column":41},"end":{"line":152,"column":42}},"loc":{"start":{"line":152,"column":61},"end":{"line":159,"column":1}},"line":152},"5":{"name":"(anonymous_5)","decl":{"start":{"line":161,"column":41},"end":{"line":161,"column":42}},"loc":{"start":{"line":161,"column":61},"end":{"line":170,"column":1}},"line":161},"6":{"name":"(anonymous_6)","decl":{"start":{"line":172,"column":46},"end":{"line":172,"column":47}},"loc":{"start":{"line":172,"column":66},"end":{"line":233,"column":1}},"line":172},"7":{"name":"(anonymous_7)","decl":{"start":{"line":235,"column":45},"end":{"line":235,"column":46}},"loc":{"start":{"line":235,"column":65},"end":{"line":257,"column":1}},"line":235},"8":{"name":"(anonymous_8)","decl":{"start":{"line":259,"column":45},"end":{"line":259,"column":46}},"loc":{"start":{"line":259,"column":65},"end":{"line":271,"column":1}},"line":259},"9":{"name":"(anonymous_9)","decl":{"start":{"line":273,"column":45},"end":{"line":273,"column":46}},"loc":{"start":{"line":273,"column":65},"end":{"line":299,"column":1}},"line":273}},"branchMap":{"0":{"loc":{"start":{"line":29,"column":2},"end":{"line":31,"column":3}},"type":"if","locations":[{"start":{"line":29,"column":2},"end":{"line":31,"column":3}},{"start":{},"end":{}}],"line":29},"1":{"loc":{"start":{"line":29,"column":6},"end":{"line":29,"column":75}},"type":"binary-expr","locations":[{"start":{"line":29,"column":6},"end":{"line":29,"column":16}},{"start":{"line":29,"column":20},"end":{"line":29,"column":46}},{"start":{"line":29,"column":50},"end":{"line":29,"column":75}}],"line":29},"2":{"loc":{"start":{"line":62,"column":25},"end":{"line":62,"column":76}},"type":"binary-expr","locations":[{"start":{"line":62,"column":25},"end":{"line":62,"column":31}},{"start":{"line":62,"column":35},"end":{"line":62,"column":63}},{"start":{"line":62,"column":67},"end":{"line":62,"column":76}}],"line":62},"3":{"loc":{"start":{"line":103,"column":2},"end":{"line":103,"column":67}},"type":"if","locations":[{"start":{"line":103,"column":2},"end":{"line":103,"column":67}},{"start":{},"end":{}}],"line":103},"4":{"loc":{"start":{"line":104,"column":2},"end":{"line":104,"column":71}},"type":"if","locations":[{"start":{"line":104,"column":2},"end":{"line":104,"column":71}},{"start":{},"end":{}}],"line":104},"5":{"loc":{"start":{"line":107,"column":2},"end":{"line":113,"column":3}},"type":"if","locations":[{"start":{"line":107,"column":2},"end":{"line":113,"column":3}},{"start":{},"end":{}}],"line":107},"6":{"loc":{"start":{"line":117,"column":22},"end":{"line":119,"column":17}},"type":"cond-expr","locations":[{"start":{"line":118,"column":8},"end":{"line":118,"column":43}},{"start":{"line":119,"column":8},"end":{"line":119,"column":17}}],"line":117},"7":{"loc":{"start":{"line":120,"column":23},"end":{"line":122,"column":17}},"type":"cond-expr","locations":[{"start":{"line":121,"column":8},"end":{"line":121,"column":44}},{"start":{"line":122,"column":8},"end":{"line":122,"column":17}}],"line":120},"8":{"loc":{"start":{"line":164,"column":2},"end":{"line":164,"column":62}},"type":"if","locations":[{"start":{"line":164,"column":2},"end":{"line":164,"column":62}},{"start":{},"end":{}}],"line":164},"9":{"loc":{"start":{"line":178,"column":4},"end":{"line":223,"column":5}},"type":"if","locations":[{"start":{"line":178,"column":4},"end":{"line":223,"column":5}},{"start":{"line":193,"column":11},"end":{"line":223,"column":5}}],"line":178},"10":{"loc":{"start":{"line":193,"column":11},"end":{"line":223,"column":5}},"type":"if","locations":[{"start":{"line":193,"column":11},"end":{"line":223,"column":5}},{"start":{"line":208,"column":11},"end":{"line":223,"column":5}}],"line":193},"11":{"loc":{"start":{"line":208,"column":11},"end":{"line":223,"column":5}},"type":"if","locations":[{"start":{"line":208,"column":11},"end":{"line":223,"column":5}},{"start":{},"end":{}}],"line":208},"12":{"loc":{"start":{"line":238,"column":2},"end":{"line":241,"column":3}},"type":"if","locations":[{"start":{"line":238,"column":2},"end":{"line":241,"column":3}},{"start":{},"end":{}}],"line":238},"13":{"loc":{"start":{"line":242,"column":2},"end":{"line":245,"column":3}},"type":"if","locations":[{"start":{"line":242,"column":2},"end":{"line":245,"column":3}},{"start":{},"end":{}}],"line":242},"14":{"loc":{"start":{"line":247,"column":2},"end":{"line":247,"column":94}},"type":"if","locations":[{"start":{"line":247,"column":2},"end":{"line":247,"column":94}},{"start":{},"end":{}}],"line":247},"15":{"loc":{"start":{"line":248,"column":2},"end":{"line":248,"column":97}},"type":"if","locations":[{"start":{"line":248,"column":2},"end":{"line":248,"column":97}},{"start":{},"end":{}}],"line":248},"16":{"loc":{"start":{"line":263,"column":2},"end":{"line":263,"column":67}},"type":"if","locations":[{"start":{"line":263,"column":2},"end":{"line":263,"column":67}},{"start":{},"end":{}}],"line":263},"17":{"loc":{"start":{"line":276,"column":2},"end":{"line":276,"column":67}},"type":"if","locations":[{"start":{"line":276,"column":2},"end":{"line":276,"column":67}},{"start":{},"end":{}}],"line":276},"18":{"loc":{"start":{"line":280,"column":2},"end":{"line":283,"column":3}},"type":"if","locations":[{"start":{"line":280,"column":2},"end":{"line":283,"column":3}},{"start":{},"end":{}}],"line":280},"19":{"loc":{"start":{"line":284,"column":2},"end":{"line":287,"column":3}},"type":"if","locations":[{"start":{"line":284,"column":2},"end":{"line":287,"column":3}},{"start":{},"end":{}}],"line":284},"20":{"loc":{"start":{"line":289,"column":2},"end":{"line":289,"column":94}},"type":"if","locations":[{"start":{"line":289,"column":2},"end":{"line":289,"column":94}},{"start":{},"end":{}}],"line":289},"21":{"loc":{"start":{"line":290,"column":2},"end":{"line":290,"column":97}},"type":"if","locations":[{"start":{"line":290,"column":2},"end":{"line":290,"column":97}},{"start":{},"end":{}}],"line":290}},"s":{"0":1,"1":1,"2":1,"3":1,"4":1,"5":1,"6":1,"7":1,"8":1,"9":1,"10":1,"11":1,"12":1,"13":1,"14":2,"15":2,"16":1,"17":1,"18":1,"19":1,"20":1,"21":1,"22":0,"23":1,"24":1,"25":1,"26":1,"27":2,"28":2,"29":2,"30":2,"31":0,"32":2,"33":1,"34":1,"35":1,"36":0,"37":0,"38":1,"39":1,"40":1,"41":1,"42":1,"43":1,"44":1,"45":1,"46":1,"47":2,"48":2,"49":2,"50":1,"51":1,"52":1,"53":2,"54":2,"55":2,"56":2,"57":2,"58":1,"59":1,"60":1,"61":0,"62":0,"63":0,"64":2,"65":1,"66":1,"67":1,"68":1,"69":1,"70":1,"71":0,"72":0,"73":1,"74":0,"75":1,"76":0,"77":1,"78":1,"79":1,"80":2,"81":2,"82":2,"83":1,"84":1,"85":1,"86":1,"87":1,"88":1,"89":1,"90":0,"91":1,"92":1,"93":0,"94":0,"95":1,"96":0,"97":0,"98":1,"99":0,"100":1,"101":0,"102":1,"103":1,"104":1},"f":{"0":1,"1":1,"2":2,"3":2,"4":1,"5":2,"6":2,"7":1,"8":2,"9":1},"b":{"0":[1,1],"1":[2,2,1],"2":[1,0,0],"3":[0,2],"4":[1,1],"5":[0,1],"6":[0,1],"7":[0,1],"8":[1,1],"9":[1,1],"10":[1,0],"11":[0,0],"12":[1,0],"13":[0,1],"14":[0,1],"15":[0,1],"16":[1,1],"17":[0,1],"18":[0,1],"19":[0,1],"20":[0,1],"21":[0,1]},"_coverageSchema":"1a1c01bbd47fc00a2c39e90264f33305004495a9","hash":"df001096cbd31531c23d5b5a7cc82385cb7be29c"}
,"/home/kit/testpai/TestProject/backend/src/controllers/vehicle.controller.js": {"path":"/home/kit/testpai/TestProject/backend/src/controllers/vehicle.controller.js","statementMap":{"0":{"start":{"line":1,"column":21},"end":{"line":1,"column":53}},"1":{"start":{"line":2,"column":23},"end":{"line":2,"column":61}},"2":{"start":{"line":3,"column":17},"end":{"line":3,"column":45}},"3":{"start":{"line":4,"column":31},"end":{"line":4,"column":61}},"4":{"start":{"line":5,"column":20},"end":{"line":5,"column":55}},"5":{"start":{"line":6,"column":15},"end":{"line":6,"column":39}},"6":{"start":{"line":8,"column":23},"end":{"line":16,"column":2}},"7":{"start":{"line":9,"column":18},"end":{"line":9,"column":30}},"8":{"start":{"line":10,"column":17},"end":{"line":10,"column":74}},"9":{"start":{"line":11,"column":2},"end":{"line":15,"column":5}},"10":{"start":{"line":18,"column":20},"end":{"line":27,"column":2}},"11":{"start":{"line":19,"column":18},"end":{"line":19,"column":30}},"12":{"start":{"line":20,"column":15},"end":{"line":20,"column":59}},"13":{"start":{"line":22,"column":2},"end":{"line":26,"column":5}},"14":{"start":{"line":29,"column":23},"end":{"line":43,"column":2}},"15":{"start":{"line":30,"column":18},"end":{"line":30,"column":30}},"16":{"start":{"line":31,"column":17},"end":{"line":31,"column":27}},"17":{"start":{"line":32,"column":18},"end":{"line":32,"column":66}},"18":{"start":{"line":34,"column":2},"end":{"line":36,"column":3}},"19":{"start":{"line":35,"column":4},"end":{"line":35,"column":49}},"20":{"start":{"line":38,"column":2},"end":{"line":42,"column":5}},"21":{"start":{"line":45,"column":28},"end":{"line":58,"column":2}},"22":{"start":{"line":46,"column":17},"end":{"line":46,"column":27}},"23":{"start":{"line":47,"column":18},"end":{"line":47,"column":62}},"24":{"start":{"line":49,"column":2},"end":{"line":51,"column":3}},"25":{"start":{"line":50,"column":4},"end":{"line":50,"column":49}},"26":{"start":{"line":53,"column":2},"end":{"line":57,"column":5}},"27":{"start":{"line":61,"column":22},"end":{"line":99,"column":2}},"28":{"start":{"line":62,"column":18},"end":{"line":62,"column":30}},"29":{"start":{"line":63,"column":18},"end":{"line":63,"column":33}},"30":{"start":{"line":65,"column":2},"end":{"line":73,"column":3}},"31":{"start":{"line":66,"column":20},"end":{"line":70,"column":5}},"32":{"start":{"line":68,"column":8},"end":{"line":68,"column":61}},"33":{"start":{"line":72,"column":4},"end":{"line":72,"column":45}},"34":{"start":{"line":72,"column":38},"end":{"line":72,"column":43}},"35":{"start":{"line":75,"column":21},"end":{"line":75,"column":73}},"36":{"start":{"line":77,"column":2},"end":{"line":92,"column":73}},"37":{"start":{"line":78,"column":4},"end":{"line":91,"column":7}},"38":{"start":{"line":92,"column":16},"end":{"line":92,"column":71}},"39":{"start":{"line":94,"column":2},"end":{"line":98,"column":5}},"40":{"start":{"line":101,"column":22},"end":{"line":139,"column":2}},"41":{"start":{"line":102,"column":18},"end":{"line":102,"column":30}},"42":{"start":{"line":103,"column":17},"end":{"line":103,"column":27}},"43":{"start":{"line":104,"column":18},"end":{"line":104,"column":33}},"44":{"start":{"line":106,"column":2},"end":{"line":113,"column":3}},"45":{"start":{"line":107,"column":20},"end":{"line":111,"column":5}},"46":{"start":{"line":109,"column":8},"end":{"line":109,"column":61}},"47":{"start":{"line":112,"column":4},"end":{"line":112,"column":45}},"48":{"start":{"line":112,"column":38},"end":{"line":112,"column":43}},"49":{"start":{"line":115,"column":18},"end":{"line":115,"column":74}},"50":{"start":{"line":117,"column":2},"end":{"line":132,"column":73}},"51":{"start":{"line":118,"column":4},"end":{"line":131,"column":7}},"52":{"start":{"line":132,"column":16},"end":{"line":132,"column":71}},"53":{"start":{"line":134,"column":2},"end":{"line":138,"column":5}},"54":{"start":{"line":141,"column":22},"end":{"line":165,"column":2}},"55":{"start":{"line":142,"column":18},"end":{"line":142,"column":30}},"56":{"start":{"line":143,"column":17},"end":{"line":143,"column":27}},"57":{"start":{"line":144,"column":17},"end":{"line":144,"column":64}},"58":{"start":{"line":146,"column":2},"end":{"line":158,"column":73}},"59":{"start":{"line":147,"column":4},"end":{"line":157,"column":7}},"60":{"start":{"line":158,"column":16},"end":{"line":158,"column":71}},"61":{"start":{"line":160,"column":2},"end":{"line":164,"column":5}},"62":{"start":{"line":167,"column":26},"end":{"line":177,"column":2}},"63":{"start":{"line":168,"column":18},"end":{"line":168,"column":30}},"64":{"start":{"line":169,"column":17},"end":{"line":169,"column":27}},"65":{"start":{"line":170,"column":17},"end":{"line":170,"column":68}},"66":{"start":{"line":172,"column":2},"end":{"line":176,"column":5}},"67":{"start":{"line":179,"column":26},"end":{"line":186,"column":2}},"68":{"start":{"line":180,"column":17},"end":{"line":180,"column":68}},"69":{"start":{"line":181,"column":2},"end":{"line":185,"column":5}},"70":{"start":{"line":188,"column":32},"end":{"line":195,"column":2}},"71":{"start":{"line":189,"column":17},"end":{"line":189,"column":102}},"72":{"start":{"line":190,"column":2},"end":{"line":194,"column":5}},"73":{"start":{"line":197,"column":27},"end":{"line":238,"column":2}},"74":{"start":{"line":198,"column":21},"end":{"line":198,"column":29}},"75":{"start":{"line":199,"column":18},"end":{"line":199,"column":33}},"76":{"start":{"line":201,"column":2},"end":{"line":201,"column":39}},"77":{"start":{"line":203,"column":2},"end":{"line":211,"column":3}},"78":{"start":{"line":204,"column":20},"end":{"line":208,"column":5}},"79":{"start":{"line":206,"column":8},"end":{"line":206,"column":61}},"80":{"start":{"line":210,"column":4},"end":{"line":210,"column":45}},"81":{"start":{"line":210,"column":38},"end":{"line":210,"column":43}},"82":{"start":{"line":213,"column":21},"end":{"line":213,"column":72}},"83":{"start":{"line":215,"column":2},"end":{"line":231,"column":78}},"84":{"start":{"line":216,"column":4},"end":{"line":230,"column":7}},"85":{"start":{"line":231,"column":16},"end":{"line":231,"column":76}},"86":{"start":{"line":233,"column":2},"end":{"line":237,"column":5}},"87":{"start":{"line":240,"column":27},"end":{"line":279,"column":2}},"88":{"start":{"line":241,"column":17},"end":{"line":241,"column":27}},"89":{"start":{"line":242,"column":18},"end":{"line":242,"column":33}},"90":{"start":{"line":244,"column":2},"end":{"line":246,"column":3}},"91":{"start":{"line":245,"column":4},"end":{"line":245,"column":50}},"92":{"start":{"line":248,"column":2},"end":{"line":253,"column":3}},"93":{"start":{"line":249,"column":20},"end":{"line":251,"column":5}},"94":{"start":{"line":250,"column":35},"end":{"line":250,"column":88}},"95":{"start":{"line":252,"column":4},"end":{"line":252,"column":45}},"96":{"start":{"line":252,"column":38},"end":{"line":252,"column":43}},"97":{"start":{"line":255,"column":18},"end":{"line":255,"column":72}},"98":{"start":{"line":257,"column":2},"end":{"line":272,"column":78}},"99":{"start":{"line":258,"column":4},"end":{"line":271,"column":7}},"100":{"start":{"line":272,"column":16},"end":{"line":272,"column":76}},"101":{"start":{"line":274,"column":2},"end":{"line":278,"column":5}},"102":{"start":{"line":281,"column":27},"end":{"line":304,"column":2}},"103":{"start":{"line":282,"column":17},"end":{"line":282,"column":27}},"104":{"start":{"line":283,"column":17},"end":{"line":283,"column":62}},"105":{"start":{"line":285,"column":2},"end":{"line":297,"column":78}},"106":{"start":{"line":286,"column":4},"end":{"line":296,"column":7}},"107":{"start":{"line":297,"column":16},"end":{"line":297,"column":76}},"108":{"start":{"line":299,"column":2},"end":{"line":303,"column":5}},"109":{"start":{"line":306,"column":0},"end":{"line":320,"column":2}}},"fnMap":{"0":{"name":"(anonymous_0)","decl":{"start":{"line":8,"column":36},"end":{"line":8,"column":37}},"loc":{"start":{"line":8,"column":56},"end":{"line":16,"column":1}},"line":8},"1":{"name":"(anonymous_1)","decl":{"start":{"line":18,"column":33},"end":{"line":18,"column":34}},"loc":{"start":{"line":18,"column":53},"end":{"line":27,"column":1}},"line":18},"2":{"name":"(anonymous_2)","decl":{"start":{"line":29,"column":36},"end":{"line":29,"column":37}},"loc":{"start":{"line":29,"column":56},"end":{"line":43,"column":1}},"line":29},"3":{"name":"(anonymous_3)","decl":{"start":{"line":45,"column":41},"end":{"line":45,"column":42}},"loc":{"start":{"line":45,"column":61},"end":{"line":58,"column":1}},"line":45},"4":{"name":"(anonymous_4)","decl":{"start":{"line":61,"column":35},"end":{"line":61,"column":36}},"loc":{"start":{"line":61,"column":55},"end":{"line":99,"column":1}},"line":61},"5":{"name":"(anonymous_5)","decl":{"start":{"line":67,"column":27},"end":{"line":67,"column":28}},"loc":{"start":{"line":68,"column":8},"end":{"line":68,"column":61}},"line":68},"6":{"name":"(anonymous_6)","decl":{"start":{"line":72,"column":33},"end":{"line":72,"column":34}},"loc":{"start":{"line":72,"column":38},"end":{"line":72,"column":43}},"line":72},"7":{"name":"(anonymous_7)","decl":{"start":{"line":101,"column":35},"end":{"line":101,"column":36}},"loc":{"start":{"line":101,"column":55},"end":{"line":139,"column":1}},"line":101},"8":{"name":"(anonymous_8)","decl":{"start":{"line":108,"column":27},"end":{"line":108,"column":28}},"loc":{"start":{"line":109,"column":8},"end":{"line":109,"column":61}},"line":109},"9":{"name":"(anonymous_9)","decl":{"start":{"line":112,"column":33},"end":{"line":112,"column":34}},"loc":{"start":{"line":112,"column":38},"end":{"line":112,"column":43}},"line":112},"10":{"name":"(anonymous_10)","decl":{"start":{"line":141,"column":35},"end":{"line":141,"column":36}},"loc":{"start":{"line":141,"column":55},"end":{"line":165,"column":1}},"line":141},"11":{"name":"(anonymous_11)","decl":{"start":{"line":167,"column":39},"end":{"line":167,"column":40}},"loc":{"start":{"line":167,"column":59},"end":{"line":177,"column":1}},"line":167},"12":{"name":"(anonymous_12)","decl":{"start":{"line":179,"column":39},"end":{"line":179,"column":40}},"loc":{"start":{"line":179,"column":59},"end":{"line":186,"column":1}},"line":179},"13":{"name":"(anonymous_13)","decl":{"start":{"line":188,"column":45},"end":{"line":188,"column":46}},"loc":{"start":{"line":188,"column":65},"end":{"line":195,"column":1}},"line":188},"14":{"name":"(anonymous_14)","decl":{"start":{"line":197,"column":40},"end":{"line":197,"column":41}},"loc":{"start":{"line":197,"column":60},"end":{"line":238,"column":1}},"line":197},"15":{"name":"(anonymous_15)","decl":{"start":{"line":205,"column":27},"end":{"line":205,"column":28}},"loc":{"start":{"line":206,"column":8},"end":{"line":206,"column":61}},"line":206},"16":{"name":"(anonymous_16)","decl":{"start":{"line":210,"column":33},"end":{"line":210,"column":34}},"loc":{"start":{"line":210,"column":38},"end":{"line":210,"column":43}},"line":210},"17":{"name":"(anonymous_17)","decl":{"start":{"line":240,"column":40},"end":{"line":240,"column":41}},"loc":{"start":{"line":240,"column":60},"end":{"line":279,"column":1}},"line":240},"18":{"name":"(anonymous_18)","decl":{"start":{"line":250,"column":27},"end":{"line":250,"column":28}},"loc":{"start":{"line":250,"column":35},"end":{"line":250,"column":88}},"line":250},"19":{"name":"(anonymous_19)","decl":{"start":{"line":252,"column":33},"end":{"line":252,"column":34}},"loc":{"start":{"line":252,"column":38},"end":{"line":252,"column":43}},"line":252},"20":{"name":"(anonymous_20)","decl":{"start":{"line":281,"column":40},"end":{"line":281,"column":41}},"loc":{"start":{"line":281,"column":60},"end":{"line":304,"column":1}},"line":281}},"branchMap":{"0":{"loc":{"start":{"line":34,"column":2},"end":{"line":36,"column":3}},"type":"if","locations":[{"start":{"line":34,"column":2},"end":{"line":36,"column":3}},{"start":{},"end":{}}],"line":34},"1":{"loc":{"start":{"line":49,"column":2},"end":{"line":51,"column":3}},"type":"if","locations":[{"start":{"line":49,"column":2},"end":{"line":51,"column":3}},{"start":{},"end":{}}],"line":49},"2":{"loc":{"start":{"line":65,"column":2},"end":{"line":73,"column":3}},"type":"if","locations":[{"start":{"line":65,"column":2},"end":{"line":73,"column":3}},{"start":{},"end":{}}],"line":65},"3":{"loc":{"start":{"line":84,"column":19},"end":{"line":84,"column":70}},"type":"binary-expr","locations":[{"start":{"line":84,"column":19},"end":{"line":84,"column":25}},{"start":{"line":84,"column":29},"end":{"line":84,"column":57}},{"start":{"line":84,"column":61},"end":{"line":84,"column":70}}],"line":84},"4":{"loc":{"start":{"line":106,"column":2},"end":{"line":113,"column":3}},"type":"if","locations":[{"start":{"line":106,"column":2},"end":{"line":113,"column":3}},{"start":{},"end":{}}],"line":106},"5":{"loc":{"start":{"line":124,"column":19},"end":{"line":124,"column":70}},"type":"binary-expr","locations":[{"start":{"line":124,"column":19},"end":{"line":124,"column":25}},{"start":{"line":124,"column":29},"end":{"line":124,"column":57}},{"start":{"line":124,"column":61},"end":{"line":124,"column":70}}],"line":124},"6":{"loc":{"start":{"line":153,"column":19},"end":{"line":153,"column":70}},"type":"binary-expr","locations":[{"start":{"line":153,"column":19},"end":{"line":153,"column":25}},{"start":{"line":153,"column":29},"end":{"line":153,"column":57}},{"start":{"line":153,"column":61},"end":{"line":153,"column":70}}],"line":153},"7":{"loc":{"start":{"line":203,"column":2},"end":{"line":211,"column":3}},"type":"if","locations":[{"start":{"line":203,"column":2},"end":{"line":211,"column":3}},{"start":{},"end":{}}],"line":203},"8":{"loc":{"start":{"line":222,"column":19},"end":{"line":222,"column":70}},"type":"binary-expr","locations":[{"start":{"line":222,"column":19},"end":{"line":222,"column":25}},{"start":{"line":222,"column":29},"end":{"line":222,"column":57}},{"start":{"line":222,"column":61},"end":{"line":222,"column":70}}],"line":222},"9":{"loc":{"start":{"line":244,"column":2},"end":{"line":246,"column":3}},"type":"if","locations":[{"start":{"line":244,"column":2},"end":{"line":246,"column":3}},{"start":{},"end":{}}],"line":244},"10":{"loc":{"start":{"line":248,"column":2},"end":{"line":253,"column":3}},"type":"if","locations":[{"start":{"line":248,"column":2},"end":{"line":253,"column":3}},{"start":{},"end":{}}],"line":248},"11":{"loc":{"start":{"line":264,"column":19},"end":{"line":264,"column":70}},"type":"binary-expr","locations":[{"start":{"line":264,"column":19},"end":{"line":264,"column":25}},{"start":{"line":264,"column":29},"end":{"line":264,"column":57}},{"start":{"line":264,"column":61},"end":{"line":264,"column":70}}],"line":264},"12":{"loc":{"start":{"line":292,"column":19},"end":{"line":292,"column":70}},"type":"binary-expr","locations":[{"start":{"line":292,"column":19},"end":{"line":292,"column":25}},{"start":{"line":292,"column":29},"end":{"line":292,"column":57}},{"start":{"line":292,"column":61},"end":{"line":292,"column":70}}],"line":292}},"s":{"0":1,"1":1,"2":1,"3":1,"4":1,"5":1,"6":1,"7":1,"8":1,"9":1,"10":1,"11":0,"12":0,"13":0,"14":1,"15":2,"16":2,"17":2,"18":2,"19":1,"20":1,"21":1,"22":2,"23":2,"24":2,"25":1,"26":1,"27":1,"28":1,"29":1,"30":1,"31":1,"32":1,"33":1,"34":1,"35":1,"36":1,"37":1,"38":0,"39":1,"40":1,"41":1,"42":1,"43":1,"44":1,"45":0,"46":0,"47":0,"48":0,"49":1,"50":1,"51":1,"52":0,"53":1,"54":1,"55":1,"56":1,"57":1,"58":1,"59":1,"60":0,"61":1,"62":1,"63":1,"64":1,"65":1,"66":1,"67":1,"68":1,"69":1,"70":1,"71":0,"72":0,"73":1,"74":1,"75":1,"76":1,"77":1,"78":0,"79":0,"80":0,"81":0,"82":1,"83":1,"84":1,"85":0,"86":1,"87":1,"88":1,"89":1,"90":1,"91":0,"92":1,"93":0,"94":0,"95":0,"96":0,"97":1,"98":1,"99":1,"100":0,"101":1,"102":1,"103":1,"104":1,"105":1,"106":1,"107":0,"108":1,"109":1},"f":{"0":1,"1":0,"2":2,"3":2,"4":1,"5":1,"6":1,"7":1,"8":0,"9":0,"10":1,"11":1,"12":1,"13":0,"14":1,"15":0,"16":0,"17":1,"18":0,"19":0,"20":1},"b":{"0":[1,1],"1":[1,1],"2":[1,0],"3":[1,0,0],"4":[0,1],"5":[1,0,0],"6":[1,0,0],"7":[0,1],"8":[1,0,0],"9":[0,1],"10":[0,1],"11":[1,0,0],"12":[1,0,0]},"_coverageSchema":"1a1c01bbd47fc00a2c39e90264f33305004495a9","hash":"c834c82ec6e2faf64647ded11873a149404e32a9"}
,"/home/kit/testpai/TestProject/backend/src/lib/prisma.js": {"path":"/home/kit/testpai/TestProject/backend/src/lib/prisma.js","statementMap":{"0":{"start":{"line":1,"column":25},"end":{"line":1,"column":50}},"1":{"start":{"line":2,"column":23},"end":{"line":2,"column":50}},"2":{"start":{"line":4,"column":21},"end":{"line":4,"column":58}},"3":{"start":{"line":7,"column":25},"end":{"line":7,"column":55}},"4":{"start":{"line":8,"column":19},"end":{"line":16,"column":1}},"5":{"start":{"line":18,"column":27},"end":{"line":88,"column":1}},"6":{"start":{"line":19,"column":25},"end":{"line":21,"column":4}},"7":{"start":{"line":23,"column":2},"end":{"line":87,"column":5}},"8":{"start":{"line":27,"column":22},"end":{"line":27,"column":34}},"9":{"start":{"line":29,"column":25},"end":{"line":29,"column":42}},"10":{"start":{"line":31,"column":10},"end":{"line":31,"column":51}},"11":{"start":{"line":31,"column":37},"end":{"line":31,"column":51}},"12":{"start":{"line":33,"column":25},"end":{"line":33,"column":44}},"13":{"start":{"line":34,"column":28},"end":{"line":34,"column":63}},"14":{"start":{"line":35,"column":28},"end":{"line":35,"column":55}},"15":{"start":{"line":37,"column":10},"end":{"line":55,"column":11}},"16":{"start":{"line":38,"column":27},"end":{"line":38,"column":48}},"17":{"start":{"line":40,"column":27},"end":{"line":40,"column":31}},"18":{"start":{"line":41,"column":12},"end":{"line":42,"column":75}},"19":{"start":{"line":41,"column":37},"end":{"line":41,"column":58}},"20":{"start":{"line":42,"column":17},"end":{"line":42,"column":75}},"21":{"start":{"line":42,"column":50},"end":{"line":42,"column":75}},"22":{"start":{"line":44,"column":12},"end":{"line":54,"column":79}},"23":{"start":{"line":54,"column":28},"end":{"line":54,"column":77}},"24":{"start":{"line":57,"column":34},"end":{"line":57,"column":93}},"25":{"start":{"line":58,"column":10},"end":{"line":81,"column":11}},"26":{"start":{"line":59,"column":36},"end":{"line":59,"column":41}},"27":{"start":{"line":61,"column":12},"end":{"line":67,"column":13}},"28":{"start":{"line":61,"column":48},"end":{"line":61,"column":73}},"29":{"start":{"line":62,"column":17},"end":{"line":67,"column":13}},"30":{"start":{"line":63,"column":29},"end":{"line":63,"column":46}},"31":{"start":{"line":64,"column":14},"end":{"line":66,"column":15}},"32":{"start":{"line":65,"column":16},"end":{"line":65,"column":41}},"33":{"start":{"line":69,"column":12},"end":{"line":80,"column":13}},"34":{"start":{"line":70,"column":14},"end":{"line":79,"column":87}},"35":{"start":{"line":79,"column":30},"end":{"line":79,"column":85}},"36":{"start":{"line":83,"column":10},"end":{"line":83,"column":24}},"37":{"start":{"line":90,"column":24},"end":{"line":90,"column":30}},"38":{"start":{"line":92,"column":15},"end":{"line":92,"column":61}},"39":{"start":{"line":94,"column":0},"end":{"line":94,"column":51}},"40":{"start":{"line":94,"column":19},"end":{"line":94,"column":51}},"41":{"start":{"line":96,"column":0},"end":{"line":96,"column":24}}},"fnMap":{"0":{"name":"(anonymous_0)","decl":{"start":{"line":18,"column":27},"end":{"line":18,"column":28}},"loc":{"start":{"line":18,"column":33},"end":{"line":88,"column":1}},"line":18},"1":{"name":"(anonymous_1)","decl":{"start":{"line":26,"column":8},"end":{"line":26,"column":9}},"loc":{"start":{"line":26,"column":64},"end":{"line":84,"column":9}},"line":26},"2":{"name":"(anonymous_2)","decl":{"start":{"line":54,"column":21},"end":{"line":54,"column":22}},"loc":{"start":{"line":54,"column":28},"end":{"line":54,"column":77}},"line":54},"3":{"name":"(anonymous_3)","decl":{"start":{"line":79,"column":23},"end":{"line":79,"column":24}},"loc":{"start":{"line":79,"column":30},"end":{"line":79,"column":85}},"line":79}},"branchMap":{"0":{"loc":{"start":{"line":20,"column":9},"end":{"line":20,"column":62}},"type":"cond-expr","locations":[{"start":{"line":20,"column":24},"end":{"line":20,"column":33}},{"start":{"line":20,"column":36},"end":{"line":20,"column":62}}],"line":20},"1":{"loc":{"start":{"line":31,"column":10},"end":{"line":31,"column":51}},"type":"if","locations":[{"start":{"line":31,"column":10},"end":{"line":31,"column":51}},{"start":{},"end":{}}],"line":31},"2":{"loc":{"start":{"line":33,"column":25},"end":{"line":33,"column":44}},"type":"binary-expr","locations":[{"start":{"line":33,"column":25},"end":{"line":33,"column":36}},{"start":{"line":33,"column":40},"end":{"line":33,"column":44}}],"line":33},"3":{"loc":{"start":{"line":34,"column":28},"end":{"line":34,"column":63}},"type":"binary-expr","locations":[{"start":{"line":34,"column":28},"end":{"line":34,"column":42}},{"start":{"line":34,"column":46},"end":{"line":34,"column":63}}],"line":34},"4":{"loc":{"start":{"line":35,"column":28},"end":{"line":35,"column":55}},"type":"binary-expr","locations":[{"start":{"line":35,"column":28},"end":{"line":35,"column":42}},{"start":{"line":35,"column":46},"end":{"line":35,"column":55}}],"line":35},"5":{"loc":{"start":{"line":37,"column":10},"end":{"line":55,"column":11}},"type":"if","locations":[{"start":{"line":37,"column":10},"end":{"line":55,"column":11}},{"start":{},"end":{}}],"line":37},"6":{"loc":{"start":{"line":41,"column":12},"end":{"line":42,"column":75}},"type":"if","locations":[{"start":{"line":41,"column":12},"end":{"line":42,"column":75}},{"start":{"line":42,"column":17},"end":{"line":42,"column":75}}],"line":41},"7":{"loc":{"start":{"line":41,"column":16},"end":{"line":41,"column":35}},"type":"binary-expr","locations":[{"start":{"line":41,"column":16},"end":{"line":41,"column":22}},{"start":{"line":41,"column":26},"end":{"line":41,"column":35}}],"line":41},"8":{"loc":{"start":{"line":42,"column":17},"end":{"line":42,"column":75}},"type":"if","locations":[{"start":{"line":42,"column":17},"end":{"line":42,"column":75}},{"start":{},"end":{}}],"line":42},"9":{"loc":{"start":{"line":42,"column":21},"end":{"line":42,"column":48}},"type":"binary-expr","locations":[{"start":{"line":42,"column":21},"end":{"line":42,"column":31}},{"start":{"line":42,"column":35},"end":{"line":42,"column":48}}],"line":42},"10":{"loc":{"start":{"line":51,"column":26},"end":{"line":51,"column":92}},"type":"cond-expr","locations":[{"start":{"line":51,"column":57},"end":{"line":51,"column":65}},{"start":{"line":51,"column":68},"end":{"line":51,"column":92}}],"line":51},"11":{"loc":{"start":{"line":58,"column":10},"end":{"line":81,"column":11}},"type":"if","locations":[{"start":{"line":58,"column":10},"end":{"line":81,"column":11}},{"start":{},"end":{}}],"line":58},"12":{"loc":{"start":{"line":58,"column":14},"end":{"line":58,"column":65}},"type":"binary-expr","locations":[{"start":{"line":58,"column":14},"end":{"line":58,"column":29}},{"start":{"line":58,"column":33},"end":{"line":58,"column":65}}],"line":58},"13":{"loc":{"start":{"line":61,"column":12},"end":{"line":67,"column":13}},"type":"if","locations":[{"start":{"line":61,"column":12},"end":{"line":67,"column":13}},{"start":{"line":62,"column":17},"end":{"line":67,"column":13}}],"line":61},"14":{"loc":{"start":{"line":62,"column":17},"end":{"line":67,"column":13}},"type":"if","locations":[{"start":{"line":62,"column":17},"end":{"line":67,"column":13}},{"start":{},"end":{}}],"line":62},"15":{"loc":{"start":{"line":63,"column":29},"end":{"line":63,"column":46}},"type":"binary-expr","locations":[{"start":{"line":63,"column":29},"end":{"line":63,"column":40}},{"start":{"line":63,"column":44},"end":{"line":63,"column":46}}],"line":63},"16":{"loc":{"start":{"line":64,"column":14},"end":{"line":66,"column":15}},"type":"if","locations":[{"start":{"line":64,"column":14},"end":{"line":66,"column":15}},{"start":{},"end":{}}],"line":64},"17":{"loc":{"start":{"line":64,"column":18},"end":{"line":64,"column":101}},"type":"binary-expr","locations":[{"start":{"line":64,"column":18},"end":{"line":64,"column":41}},{"start":{"line":64,"column":45},"end":{"line":64,"column":70}},{"start":{"line":64,"column":74},"end":{"line":64,"column":101}}],"line":64},"18":{"loc":{"start":{"line":69,"column":12},"end":{"line":80,"column":13}},"type":"if","locations":[{"start":{"line":69,"column":12},"end":{"line":80,"column":13}},{"start":{},"end":{}}],"line":69},"19":{"loc":{"start":{"line":92,"column":15},"end":{"line":92,"column":61}},"type":"binary-expr","locations":[{"start":{"line":92,"column":15},"end":{"line":92,"column":37}},{"start":{"line":92,"column":41},"end":{"line":92,"column":61}}],"line":92},"20":{"loc":{"start":{"line":94,"column":0},"end":{"line":94,"column":51}},"type":"if","locations":[{"start":{"line":94,"column":0},"end":{"line":94,"column":51}},{"start":{},"end":{}}],"line":94}},"s":{"0":1,"1":1,"2":1,"3":1,"4":1,"5":1,"6":1,"7":1,"8":0,"9":0,"10":0,"11":0,"12":0,"13":0,"14":0,"15":0,"16":0,"17":0,"18":0,"19":0,"20":0,"21":0,"22":0,"23":0,"24":0,"25":0,"26":0,"27":0,"28":0,"29":0,"30":0,"31":0,"32":0,"33":0,"34":0,"35":0,"36":0,"37":1,"38":1,"39":1,"40":1,"41":1},"f":{"0":1,"1":0,"2":0,"3":0},"b":{"0":[0,1],"1":[0,0],"2":[0,0],"3":[0,0],"4":[0,0],"5":[0,0],"6":[0,0],"7":[0,0],"8":[0,0],"9":[0,0],"10":[0,0],"11":[0,0],"12":[0,0],"13":[0,0],"14":[0,0],"15":[0,0],"16":[0,0],"17":[0,0,0],"18":[0,0],"19":[1,1],"20":[1,0]},"_coverageSchema":"1a1c01bbd47fc00a2c39e90264f33305004495a9","hash":"2c32d73a815d3fadf47a28c958391423c5602ff4"}
,"/home/kit/testpai/TestProject/backend/src/services/booking.service.js": {"path":"/home/kit/testpai/TestProject/backend/src/services/booking.service.js","statementMap":{"0":{"start":{"line":1,"column":15},"end":{"line":1,"column":41}},"1":{"start":{"line":2,"column":17},"end":{"line":2,"column":45}},"2":{"start":{"line":3,"column":39},"end":{"line":3,"column":64}},"3":{"start":{"line":4,"column":45},"end":{"line":4,"column":73}},"4":{"start":{"line":6,"column":24},"end":{"line":6,"column":72}},"5":{"start":{"line":8,"column":28},"end":{"line":109,"column":1}},"6":{"start":{"line":23,"column":6},"end":{"line":23,"column":10}},"7":{"start":{"line":25,"column":16},"end":{"line":80,"column":3}},"8":{"start":{"line":82,"column":15},"end":{"line":82,"column":33}},"9":{"start":{"line":83,"column":15},"end":{"line":83,"column":20}},"10":{"start":{"line":85,"column":24},"end":{"line":103,"column":4}},"11":{"start":{"line":105,"column":2},"end":{"line":108,"column":4}},"12":{"start":{"line":111,"column":27},"end":{"line":147,"column":1}},"13":{"start":{"line":112,"column":2},"end":{"line":146,"column":5}},"14":{"start":{"line":113,"column":18},"end":{"line":113,"column":96}},"15":{"start":{"line":114,"column":4},"end":{"line":114,"column":59}},"16":{"start":{"line":114,"column":16},"end":{"line":114,"column":59}},"17":{"start":{"line":117,"column":4},"end":{"line":119,"column":5}},"18":{"start":{"line":118,"column":6},"end":{"line":118,"column":69}},"19":{"start":{"line":120,"column":4},"end":{"line":122,"column":5}},"20":{"start":{"line":121,"column":6},"end":{"line":121,"column":68}},"21":{"start":{"line":123,"column":4},"end":{"line":125,"column":5}},"22":{"start":{"line":124,"column":6},"end":{"line":124,"column":75}},"23":{"start":{"line":127,"column":20},"end":{"line":136,"column":6}},"24":{"start":{"line":138,"column":25},"end":{"line":141,"column":6}},"25":{"start":{"line":142,"column":4},"end":{"line":144,"column":5}},"26":{"start":{"line":143,"column":6},"end":{"line":143,"column":117}},"27":{"start":{"line":145,"column":4},"end":{"line":145,"column":19}},"28":{"start":{"line":149,"column":27},"end":{"line":215,"column":1}},"29":{"start":{"line":150,"column":2},"end":{"line":214,"column":5}},"30":{"start":{"line":151,"column":21},"end":{"line":153,"column":6}},"31":{"start":{"line":154,"column":4},"end":{"line":154,"column":64}},"32":{"start":{"line":154,"column":19},"end":{"line":154,"column":64}},"33":{"start":{"line":157,"column":25},"end":{"line":157,"column":56}},"34":{"start":{"line":158,"column":22},"end":{"line":158,"column":63}},"35":{"start":{"line":159,"column":22},"end":{"line":159,"column":60}},"36":{"start":{"line":160,"column":26},"end":{"line":160,"column":59}},"37":{"start":{"line":161,"column":24},"end":{"line":161,"column":69}},"38":{"start":{"line":162,"column":30},"end":{"line":162,"column":71}},"39":{"start":{"line":165,"column":24},"end":{"line":173,"column":5}},"40":{"start":{"line":166,"column":16},"end":{"line":169,"column":8}},"41":{"start":{"line":170,"column":6},"end":{"line":172,"column":7}},"42":{"start":{"line":171,"column":8},"end":{"line":171,"column":119}},"43":{"start":{"line":175,"column":25},"end":{"line":188,"column":5}},"44":{"start":{"line":176,"column":16},"end":{"line":176,"column":89}},"45":{"start":{"line":177,"column":6},"end":{"line":177,"column":57}},"46":{"start":{"line":177,"column":14},"end":{"line":177,"column":57}},"47":{"start":{"line":178,"column":6},"end":{"line":178,"column":101}},"48":{"start":{"line":178,"column":38},"end":{"line":178,"column":101}},"49":{"start":{"line":179,"column":6},"end":{"line":179,"column":108}},"50":{"start":{"line":179,"column":46},"end":{"line":179,"column":108}},"51":{"start":{"line":180,"column":6},"end":{"line":180,"column":105}},"52":{"start":{"line":180,"column":36},"end":{"line":180,"column":105}},"53":{"start":{"line":181,"column":22},"end":{"line":184,"column":8}},"54":{"start":{"line":185,"column":6},"end":{"line":187,"column":7}},"55":{"start":{"line":186,"column":8},"end":{"line":186,"column":114}},"56":{"start":{"line":192,"column":4},"end":{"line":194,"column":5}},"57":{"start":{"line":193,"column":6},"end":{"line":193,"column":66}},"58":{"start":{"line":196,"column":4},"end":{"line":198,"column":5}},"59":{"start":{"line":197,"column":6},"end":{"line":197,"column":72}},"60":{"start":{"line":201,"column":20},"end":{"line":212,"column":6}},"61":{"start":{"line":213,"column":4},"end":{"line":213,"column":19}},"62":{"start":{"line":217,"column":22},"end":{"line":283,"column":1}},"63":{"start":{"line":218,"column":2},"end":{"line":282,"column":5}},"64":{"start":{"line":220,"column":18},"end":{"line":222,"column":6}},"65":{"start":{"line":224,"column":4},"end":{"line":226,"column":5}},"66":{"start":{"line":225,"column":6},"end":{"line":225,"column":49}},"67":{"start":{"line":228,"column":4},"end":{"line":230,"column":5}},"68":{"start":{"line":229,"column":6},"end":{"line":229,"column":69}},"69":{"start":{"line":232,"column":4},"end":{"line":234,"column":5}},"70":{"start":{"line":233,"column":6},"end":{"line":233,"column":68}},"71":{"start":{"line":235,"column":4},"end":{"line":237,"column":5}},"72":{"start":{"line":236,"column":6},"end":{"line":236,"column":75}},"73":{"start":{"line":239,"column":20},"end":{"line":247,"column":6}},"74":{"start":{"line":249,"column":25},"end":{"line":256,"column":6}},"75":{"start":{"line":258,"column":4},"end":{"line":263,"column":5}},"76":{"start":{"line":259,"column":6},"end":{"line":262,"column":9}},"77":{"start":{"line":265,"column":4},"end":{"line":279,"column":7}},"78":{"start":{"line":281,"column":4},"end":{"line":281,"column":19}},"79":{"start":{"line":285,"column":22},"end":{"line":315,"column":1}},"80":{"start":{"line":286,"column":2},"end":{"line":314,"column":5}},"81":{"start":{"line":317,"column":23},"end":{"line":322,"column":1}},"82":{"start":{"line":318,"column":2},"end":{"line":321,"column":5}},"83":{"start":{"line":324,"column":28},"end":{"line":379,"column":1}},"84":{"start":{"line":325,"column":18},"end":{"line":328,"column":4}},"85":{"start":{"line":329,"column":2},"end":{"line":329,"column":61}},"86":{"start":{"line":329,"column":16},"end":{"line":329,"column":61}},"87":{"start":{"line":330,"column":2},"end":{"line":332,"column":3}},"88":{"start":{"line":331,"column":4},"end":{"line":331,"column":41}},"89":{"start":{"line":334,"column":2},"end":{"line":378,"column":5}},"90":{"start":{"line":335,"column":20},"end":{"line":338,"column":6}},"91":{"start":{"line":340,"column":4},"end":{"line":363,"column":5}},"92":{"start":{"line":342,"column":23},"end":{"line":342,"column":44}},"93":{"start":{"line":343,"column":23},"end":{"line":343,"column":62}},"94":{"start":{"line":344,"column":27},"end":{"line":344,"column":55}},"95":{"start":{"line":345,"column":6},"end":{"line":347,"column":7}},"96":{"start":{"line":346,"column":8},"end":{"line":346,"column":52}},"97":{"start":{"line":348,"column":6},"end":{"line":351,"column":9}},"98":{"start":{"line":353,"column":6},"end":{"line":361,"column":9}},"99":{"start":{"line":365,"column":4},"end":{"line":376,"column":5}},"100":{"start":{"line":367,"column":6},"end":{"line":375,"column":9}},"101":{"start":{"line":377,"column":4},"end":{"line":377,"column":19}},"102":{"start":{"line":381,"column":22},"end":{"line":439,"column":1}},"103":{"start":{"line":382,"column":21},"end":{"line":382,"column":25}},"104":{"start":{"line":384,"column":18},"end":{"line":387,"column":4}},"105":{"start":{"line":388,"column":2},"end":{"line":388,"column":61}},"106":{"start":{"line":388,"column":16},"end":{"line":388,"column":61}},"107":{"start":{"line":389,"column":2},"end":{"line":389,"column":80}},"108":{"start":{"line":389,"column":43},"end":{"line":389,"column":80}},"109":{"start":{"line":390,"column":2},"end":{"line":392,"column":3}},"110":{"start":{"line":391,"column":4},"end":{"line":391,"column":59}},"111":{"start":{"line":394,"column":23},"end":{"line":394,"column":65}},"112":{"start":{"line":396,"column":18},"end":{"line":432,"column":4}},"113":{"start":{"line":397,"column":27},"end":{"line":405,"column":6}},"114":{"start":{"line":408,"column":21},"end":{"line":408,"column":42}},"115":{"start":{"line":409,"column":21},"end":{"line":409,"column":60}},"116":{"start":{"line":410,"column":25},"end":{"line":410,"column":53}},"117":{"start":{"line":411,"column":4},"end":{"line":413,"column":5}},"118":{"start":{"line":412,"column":6},"end":{"line":412,"column":50}},"119":{"start":{"line":414,"column":4},"end":{"line":417,"column":7}},"120":{"start":{"line":419,"column":4},"end":{"line":429,"column":5}},"121":{"start":{"line":420,"column":6},"end":{"line":428,"column":9}},"122":{"start":{"line":431,"column":4},"end":{"line":431,"column":26}},"123":{"start":{"line":434,"column":2},"end":{"line":436,"column":3}},"124":{"start":{"line":435,"column":4},"end":{"line":435,"column":81}},"125":{"start":{"line":438,"column":2},"end":{"line":438,"column":17}},"126":{"start":{"line":441,"column":22},"end":{"line":461,"column":1}},"127":{"start":{"line":442,"column":18},"end":{"line":445,"column":4}},"128":{"start":{"line":446,"column":2},"end":{"line":446,"column":61}},"129":{"start":{"line":446,"column":16},"end":{"line":446,"column":61}},"130":{"start":{"line":450,"column":2},"end":{"line":452,"column":3}},"131":{"start":{"line":451,"column":4},"end":{"line":451,"column":82}},"132":{"start":{"line":453,"column":2},"end":{"line":458,"column":3}},"133":{"start":{"line":457,"column":4},"end":{"line":457,"column":41}},"134":{"start":{"line":459,"column":2},"end":{"line":459,"column":49}},"135":{"start":{"line":460,"column":2},"end":{"line":460,"column":16}},"136":{"start":{"line":463,"column":27},"end":{"line":492,"column":1}},"137":{"start":{"line":464,"column":18},"end":{"line":467,"column":4}},"138":{"start":{"line":468,"column":2},"end":{"line":468,"column":61}},"139":{"start":{"line":468,"column":16},"end":{"line":468,"column":61}},"140":{"start":{"line":471,"column":2},"end":{"line":491,"column":5}},"141":{"start":{"line":472,"column":4},"end":{"line":487,"column":5}},"142":{"start":{"line":473,"column":6},"end":{"line":486,"column":7}},"143":{"start":{"line":474,"column":25},"end":{"line":474,"column":46}},"144":{"start":{"line":475,"column":25},"end":{"line":475,"column":64}},"145":{"start":{"line":477,"column":29},"end":{"line":477,"column":57}},"146":{"start":{"line":479,"column":8},"end":{"line":481,"column":9}},"147":{"start":{"line":480,"column":10},"end":{"line":480,"column":54}},"148":{"start":{"line":482,"column":8},"end":{"line":485,"column":11}},"149":{"start":{"line":489,"column":4},"end":{"line":489,"column":68}},"150":{"start":{"line":490,"column":4},"end":{"line":490,"column":18}},"151":{"start":{"line":494,"column":0},"end":{"line":506,"column":2}}},"fnMap":{"0":{"name":"(anonymous_0)","decl":{"start":{"line":8,"column":28},"end":{"line":8,"column":29}},"loc":{"start":{"line":8,"column":49},"end":{"line":109,"column":1}},"line":8},"1":{"name":"(anonymous_1)","decl":{"start":{"line":111,"column":27},"end":{"line":111,"column":28}},"loc":{"start":{"line":111,"column":43},"end":{"line":147,"column":1}},"line":111},"2":{"name":"(anonymous_2)","decl":{"start":{"line":112,"column":29},"end":{"line":112,"column":30}},"loc":{"start":{"line":112,"column":43},"end":{"line":146,"column":3}},"line":112},"3":{"name":"(anonymous_3)","decl":{"start":{"line":149,"column":27},"end":{"line":149,"column":28}},"loc":{"start":{"line":149,"column":48},"end":{"line":215,"column":1}},"line":149},"4":{"name":"(anonymous_4)","decl":{"start":{"line":150,"column":29},"end":{"line":150,"column":30}},"loc":{"start":{"line":150,"column":43},"end":{"line":214,"column":3}},"line":150},"5":{"name":"(anonymous_5)","decl":{"start":{"line":165,"column":24},"end":{"line":165,"column":25}},"loc":{"start":{"line":165,"column":50},"end":{"line":173,"column":5}},"line":165},"6":{"name":"(anonymous_6)","decl":{"start":{"line":175,"column":25},"end":{"line":175,"column":26}},"loc":{"start":{"line":
[...]
art":{"line":220,"column":2},"end":{"line":220,"column":11}},"61":{"start":{"line":223,"column":29},"end":{"line":252,"column":1}},"62":{"start":{"line":224,"column":19},"end":{"line":224,"column":55}},"63":{"start":{"line":226,"column":23},"end":{"line":226,"column":59}},"64":{"start":{"line":228,"column":2},"end":{"line":251,"column":5}},"65":{"start":{"line":230,"column":4},"end":{"line":240,"column":5}},"66":{"start":{"line":231,"column":6},"end":{"line":239,"column":9}},"67":{"start":{"line":242,"column":20},"end":{"line":248,"column":6}},"68":{"start":{"line":250,"column":4},"end":{"line":250,"column":19}},"69":{"start":{"line":254,"column":29},"end":{"line":258,"column":1}},"70":{"start":{"line":255,"column":2},"end":{"line":255,"column":39}},"71":{"start":{"line":256,"column":2},"end":{"line":256,"column":78}},"72":{"start":{"line":257,"column":2},"end":{"line":257,"column":27}},"73":{"start":{"line":260,"column":0},"end":{"line":272,"column":2}}},"fnMap":{"0":{"name":"(anonymous_0)","decl":{"start":{"line":6,"column":26},"end":{"line":6,"column":27}},"loc":{"start":{"line":6,"column":41},"end":{"line":52,"column":1}},"line":6},"1":{"name":"(anonymous_1)","decl":{"start":{"line":54,"column":25},"end":{"line":54,"column":26}},"loc":{"start":{"line":54,"column":50},"end":{"line":81,"column":1}},"line":54},"2":{"name":"(anonymous_2)","decl":{"start":{"line":83,"column":28},"end":{"line":83,"column":29}},"loc":{"start":{"line":83,"column":44},"end":{"line":114,"column":1}},"line":83},"3":{"name":"(anonymous_3)","decl":{"start":{"line":116,"column":23},"end":{"line":116,"column":24}},"loc":{"start":{"line":116,"column":41},"end":{"line":121,"column":1}},"line":116},"4":{"name":"(anonymous_4)","decl":{"start":{"line":123,"column":23},"end":{"line":123,"column":24}},"loc":{"start":{"line":123,"column":52},"end":{"line":129,"column":1}},"line":123},"5":{"name":"(anonymous_5)","decl":{"start":{"line":131,"column":22},"end":{"line":131,"column":23}},"loc":{"start":{"line":131,"column":46},"end":{"line":142,"column":1}},"line":131},"6":{"name":"(anonymous_6)","decl":{"start":{"line":144,"column":22},"end":{"line":144,"column":23}},"loc":{"start":{"line":144,"column":63},"end":{"line":165,"column":1}},"line":144},"7":{"name":"(anonymous_7)","decl":{"start":{"line":145,"column":29},"end":{"line":145,"column":30}},"loc":{"start":{"line":145,"column":43},"end":{"line":164,"column":3}},"line":145},"8":{"name":"(anonymous_8)","decl":{"start":{"line":167,"column":22},"end":{"line":167,"column":23}},"loc":{"start":{"line":167,"column":51},"end":{"line":177,"column":1}},"line":167},"9":{"name":"(anonymous_9)","decl":{"start":{"line":179,"column":26},"end":{"line":179,"column":27}},"loc":{"start":{"line":179,"column":55},"end":{"line":202,"column":1}},"line":179},"10":{"name":"(anonymous_10)","decl":{"start":{"line":191,"column":29},"end":{"line":191,"column":30}},"loc":{"start":{"line":191,"column":43},"end":{"line":201,"column":3}},"line":191},"11":{"name":"(anonymous_11)","decl":{"start":{"line":204,"column":28},"end":{"line":204,"column":29}},"loc":{"start":{"line":204,"column":49},"end":{"line":221,"column":1}},"line":204},"12":{"name":"(anonymous_12)","decl":{"start":{"line":223,"column":29},"end":{"line":223,"column":30}},"loc":{"start":{"line":223,"column":62},"end":{"line":252,"column":1}},"line":223},"13":{"name":"(anonymous_13)","decl":{"start":{"line":228,"column":29},"end":{"line":228,"column":30}},"loc":{"start":{"line":228,"column":43},"end":{"line":251,"column":3}},"line":228},"14":{"name":"(anonymous_14)","decl":{"start":{"line":254,"column":29},"end":{"line":254,"column":30}},"loc":{"start":{"line":254,"column":50},"end":{"line":258,"column":1}},"line":254}},"branchMap":{"0":{"loc":{"start":{"line":6,"column":27},"end":{"line":6,"column":36}},"type":"default-arg","locations":[{"start":{"line":6,"column":34},"end":{"line":6,"column":36}}],"line":6},"1":{"loc":{"start":{"line":21,"column":8},"end":{"line":21,"column":28}},"type":"binary-expr","locations":[{"start":{"line":21,"column":8},"end":{"line":21,"column":14}},{"start":{"line":21,"column":18},"end":{"line":21,"column":28}}],"line":21},"2":{"loc":{"start":{"line":22,"column":8},"end":{"line":24,"column":5}},"type":"binary-expr","locations":[{"start":{"line":22,"column":8},"end":{"line":22,"column":19}},{"start":{"line":22,"column":23},"end":{"line":24,"column":5}}],"line":22},"3":{"loc":{"start":{"line":25,"column":8},"end":{"line":25,"column":68}},"type":"binary-expr","locations":[{"start":{"line":25,"column":8},"end":{"line":25,"column":13}},{"start":{"line":25,"column":17},"end":{"line":25,"column":68}}],"line":25},"4":{"loc":{"start":{"line":26,"column":8},"end":{"line":26,"column":59}},"type":"cond-expr","locations":[{"start":{"line":26,"column":41},"end":{"line":26,"column":54}},{"start":{"line":26,"column":57},"end":{"line":26,"column":59}}],"line":26},"5":{"loc":{"start":{"line":27,"column":8},"end":{"line":34,"column":10}},"type":"cond-expr","locations":[{"start":{"line":28,"column":8},"end":{"line":33,"column":9}},{"start":{"line":34,"column":8},"end":{"line":34,"column":10}}],"line":27},"6":{"loc":{"start":{"line":27,"column":8},"end":{"line":27,"column":66}},"type":"binary-expr","locations":[{"start":{"line":27,"column":8},"end":{"line":27,"column":35}},{"start":{"line":27,"column":39},"end":{"line":27,"column":66}}],"line":27},"7":{"loc":{"start":{"line":30,"column":16},"end":{"line":30,"column":67}},"type":"cond-expr","locations":[{"start":{"line":30,"column":46},"end":{"line":30,"column":62}},{"start":{"line":30,"column":65},"end":{"line":30,"column":67}}],"line":30},"8":{"loc":{"start":{"line":31,"column":16},"end":{"line":31,"column":67}},"type":"cond-expr","locations":[{"start":{"line":31,"column":46},"end":{"line":31,"column":62}},{"start":{"line":31,"column":65},"end":{"line":31,"column":67}}],"line":31},"9":{"loc":{"start":{"line":35,"column":8},"end":{"line":37,"column":10}},"type":"cond-expr","locations":[{"start":{"line":36,"column":8},"end":{"line":36,"column":48}},{"start":{"line":37,"column":8},"end":{"line":37,"column":10}}],"line":35},"10":{"loc":{"start":{"line":35,"column":8},"end":{"line":35,"column":43}},"type":"binary-expr","locations":[{"start":{"line":35,"column":8},"end":{"line":35,"column":20}},{"start":{"line":35,"column":24},"end":{"line":35,"column":43}}],"line":35},"11":{"loc":{"start":{"line":38,"column":8},"end":{"line":40,"column":10}},"type":"cond-expr","locations":[{"start":{"line":39,"column":8},"end":{"line":39,"column":49}},{"start":{"line":40,"column":8},"end":{"line":40,"column":10}}],"line":38},"12":{"loc":{"start":{"line":38,"column":8},"end":{"line":38,"column":43}},"type":"binary-expr","locations":[{"start":{"line":38,"column":8},"end":{"line":38,"column":20}},{"start":{"line":38,"column":24},"end":{"line":38,"column":43}}],"line":38},"13":{"loc":{"start":{"line":41,"column":8},"end":{"line":50,"column":10}},"type":"cond-expr","locations":[{"start":{"line":42,"column":8},"end":{"line":49,"column":9}},{"start":{"line":50,"column":8},"end":{"line":50,"column":10}}],"line":41},"14":{"loc":{"start":{"line":56,"column":4},"end":{"line":56,"column":12}},"type":"default-arg","locations":[{"start":{"line":56,"column":11},"end":{"line":56,"column":12}}],"line":56},"15":{"loc":{"start":{"line":57,"column":4},"end":{"line":57,"column":14}},"type":"default-arg","locations":[{"start":{"line":57,"column":12},"end":{"line":57,"column":14}}],"line":57},"16":{"loc":{"start":{"line":58,"column":4},"end":{"line":58,"column":24}},"type":"default-arg","locations":[{"start":{"line":58,"column":13},"end":{"line":58,"column":24}}],"line":58},"17":{"loc":{"start":{"line":59,"column":4},"end":{"line":59,"column":22}},"type":"default-arg","locations":[{"start":{"line":59,"column":16},"end":{"line":59,"column":22}}],"line":59},"18":{"loc":{"start":{"line":61,"column":6},"end":{"line":61,"column":16}},"type":"binary-expr","locations":[{"start":{"line":61,"column":6},"end":{"line":61,"column":10}},{"start":{"line":61,"column":14},"end":{"line":61,"column":16}}],"line":61},"19":{"loc":{"start":{"line":85,"column":4},"end":{"line":85,"column":12}},"type":"default-arg","locations":[{"start":{"line":85,"column":11},"end":{"line":85,"column":12}}],"line":85},"20":{"loc":{"start":{"line":86,"column":4},"end":{"line":86,"column":14}},"type":"default-arg","locations":[{"start":{"line":86,"column":12},"end":{"line":86,"column":14}}],"line":86},"21":{"loc":{"start":{"line":87,"column":4},"end":{"line":87,"column":24}},"type":"default-arg","locations":[{"start":{"line":87,"column":13},"end":{"line":87,"column":24}}],"line":87},"22":{"loc":{"start":{"line":88,"column":4},"end":{"line":88,"column":22}},"type":"default-arg","locations":[{"start":{"line":88,"column":16},"end":{"line":88,"column":22}}],"line":88},"23":{"loc":{"start":{"line":90,"column":6},"end":{"line":90,"column":16}},"type":"binary-expr","locations":[{"start":{"line":90,"column":6},"end":{"line":90,"column":10}},{"start":{"line":90,"column":14},"end":{"line":90,"column":16}}],"line":90},"24":{"loc":{"start":{"line":125,"column":2},"end":{"line":127,"column":3}},"type":"if","locations":[{"start":{"line":125,"column":2},"end":{"line":127,"column":3}},{"start":{},"end":{}}],"line":125},"25":{"loc":{"start":{"line":125,"column":6},"end":{"line":125,"column":31}},"type":"binary-expr","locations":[{"start":{"line":125,"column":6},"end":{"line":125,"column":8}},{"start":{"line":125,"column":12},"end":{"line":125,"column":31}}],"line":125},"26":{"loc":{"start":{"line":132,"column":2},"end":{"line":138,"column":3}},"type":"if","locations":[{"start":{"line":132,"column":2},"end":{"line":138,"column":3}},{"start":{},"end":{}}],"line":132},"27":{"loc":{"start":{"line":147,"column":4},"end":{"line":149,"column":5}},"type":"if","locations":[{"start":{"line":147,"column":4},"end":{"line":149,"column":5}},{"start":{},"end":{}}],"line":147},"28":{"loc":{"start":{"line":147,"column":8},"end":{"line":147,"column":47}},"type":"binary-expr","locations":[{"start":{"line":147,"column":8},"end":{"line":147,"column":17}},{"start":{"line":147,"column":21},"end":{"line":147,"column":47}}],"line":147},"29":{"loc":{"start":{"line":151,"column":4},"end":{"line":156,"column":5}},"type":"if","locations":[{"start":{"line":151,"column":4},"end":{"line":156,"column":5}},{"start":{},"end":{}}],"line":151},"30":{"loc":{"start":{"line":151,"column":8},"end":{"line":151,"column":60}},"type":"binary-expr","locations":[{"start":{"line":151,"column":8},"end":{"line":151,"column":37}},{"start":{"line":151,"column":41},"end":{"line":151,"column":60}}],"line":151},"31":{"loc":{"start":{"line":171,"column":2},"end":{"line":173,"column":3}},"type":"if","locations":[{"start":{"line":171,"column":2},"end":{"line":173,"column":3}},{"start":{},"end":{}}],"line":171},"32":{"loc":{"start":{"line":183,"column":2},"end":{"line":185,"column":3}},"type":"if","locations":[{"start":{"line":183,"column":2},"end":{"line":185,"column":3}},{"start":{},"end":{}}],"line":183},"33":{"loc":{"start":{"line":187,"column":2},"end":{"line":189,"column":3}},"type":"if","locations":[{"start":{"line":187,"column":2},"end":{"line":189,"column":3}},{"start":{},"end":{}}],"line":187},"34":{"loc":{"start":{"line":219,"column":2},"end":{"line":219,"column":55}},"type":"if","locations":[{"start":{"line":219,"column":2},"end":{"line":219,"column":55}},{"start":{},"end":{}}],"line":219},"35":{"loc":{"start":{"line":226,"column":23},"end":{"line":226,"column":59}},"type":"binary-expr","locations":[{"start":{"line":226,"column":23},"end":{"line":226,"column":40}},{"start":{"line":226,"column":44},"end":{"line":226,"column":59}}],"line":226},"36":{"loc":{"start":{"line":230,"column":4},"end":{"line":240,"column":5}},"type":"if","locations":[{"start":{"line":230,"column":4},"end":{"line":240,"column":5}},{"start":{},"end":{}}],"line":230}},"s":{"0":2,"1":2,"2":2,"3":2,"4":0,"5":0,"6":2,"7":0,"8":0,"9":0,"10":0,"11":0,"12":0,"13":2,"14":0,"15":0,"16":0,"17":0,"18":0,"19":0,"20":2,"21":0,"22":2,"23":0,"24":0,"25":0,"26":0,"27":2,"28":0,"29":0,"30":0,"31":2,"32":0,"33":0,"34":0,"35":0,"36":0,"37":0,"38":0,"39":0,"40":2,"41":0,"42":0,"43":0,"44":0,"45":0,"46":2,"47":0,"48":0,"49":0,"50":0,"51":0,"52":0,"53":0,"54":0,"55":0,"56":2,"57":0,"58":0,"59":0,"60":0,"61":2,"62":0,"63":0,"64":0,"65":0,"66":0,"67":0,"68":0,"69":2,"70":0,"71":0,"72":0,"73":2},"f":{"0":0,"1":0,"2":0,"3":0,"4":0,"5":0,"6":0,"7":0,"8":0,"9":0,"10":0,"11":0,"12":0,"13":0,"14":0},"b":{"0":[0],"1":[0,0],"2":[0,0],"3":[0,0],"4":[0,0],"5":[0,0],"6":[0,0],"7":[0,0],"8":[0,0],"9":[0,0],"10":[0,0],"11":[0,0],"12":[0,0],"13":[0,0],"14":[0],"15":[0],"16":[0],"17":[0],"18":[0,0],"19":[0],"20":[0],"21":[0],"22":[0],"23":[0,0],"24":[0,0],"25":[0,0],"26":[0,0],"27":[0,0],"28":[0,0],"29":[0,0],"30":[0,0],"31":[0,0],"32":[0,0],"33":[0,0],"34":[0,0],"35":[0,0],"36":[0,0]},"_coverageSchema":"1a1c01bbd47fc00a2c39e90264f33305004495a9","hash":"abadb8f79310467fa7ff30a4786eb085d7cf5025"}
,"/home/kit/testpai/TestProject/backend/src/utils/ApiError.js": {"path":"/home/kit/testpai/TestProject/backend/src/utils/ApiError.js","statementMap":{"0":{"start":{"line":3,"column":8},"end":{"line":3,"column":23}},"1":{"start":{"line":4,"column":8},"end":{"line":4,"column":37}},"2":{"start":{"line":8,"column":0},"end":{"line":8,"column":26}}},"fnMap":{"0":{"name":"(anonymous_0)","decl":{"start":{"line":2,"column":4},"end":{"line":2,"column":5}},"loc":{"start":{"line":2,"column":37},"end":{"line":5,"column":5}},"line":2}},"branchMap":{},"s":{"0":12,"1":12,"2":17},"f":{"0":12},"b":{},"_coverageSchema":"1a1c01bbd47fc00a2c39e90264f33305004495a9","hash":"27ad455329085fc4690f7ba7b44e03eb74c8432a"}
,"/home/kit/testpai/TestProject/backend/src/utils/cloudinary.js": {"path":"/home/kit/testpai/TestProject/backend/src/utils/cloudinary.js","statementMap":{"0":{"start":{"line":1,"column":19},"end":{"line":1,"column":43}},"1":{"start":{"line":2,"column":17},"end":{"line":2,"column":38}},"2":{"start":{"line":4,"column":0},"end":{"line":9,"column":3}},"3":{"start":{"line":11,"column":27},"end":{"line":32,"column":1}},"4":{"start":{"line":12,"column":4},"end":{"line":31,"column":7}},"5":{"start":{"line":14,"column":29},"end":{"line":28,"column":9}},"6":{"start":{"line":20,"column":16},"end":{"line":24,"column":17}},"7":{"start":{"line":21,"column":20},"end":{"line":21,"column":69}},"8":{"start":{"line":23,"column":20},"end":{"line":23,"column":82}},"9":{"start":{"line":26,"column":16},"end":{"line":26,"column":81}},"10":{"start":{"line":30,"column":8},"end":{"line":30,"column":37}},"11":{"start":{"line":34,"column":29},"end":{"line":44,"column":1}},"12":{"start":{"line":35,"column":4},"end":{"line":43,"column":7}},"13":{"start":{"line":36,"column":8},"end":{"line":42,"column":11}},"14":{"start":{"line":37,"column":12},"end":{"line":40,"column":13}},"15":{"start":{"line":38,"column":16},"end":{"line":38,"column":65}},"16":{"start":{"line":39,"column":16},"end":{"line":39,"column":80}},"17":{"start":{"line":41,"column":12},"end":{"line":41,"column":28}},"18":{"start":{"line":46,"column":0},"end":{"line":49,"column":2}}},"fnMap":{"0":{"name":"(anonymous_0)","decl":{"start":{"line":11,"column":27},"end":{"line":11,"column":28}},"loc":{"start":{"line":11,"column":51},"end":{"line":32,"column":1}},"line":11},"1":{"name":"(anonymous_1)","decl":{"start":{"line":12,"column":23},"end":{"line":12,"column":24}},"loc":{"start":{"line":12,"column":44},"end":{"line":31,"column":5}},"line":12},"2":{"name":"(anonymous_2)","decl":{"start":{"line":19,"column":12},"end":{"line":19,"column":13}},"loc":{"start":{"line":19,"column":31},"end":{"line":27,"column":13}},"line":19},"3":{"name":"(anonymous_3)","decl":{"start":{"line":34,"column":29},"end":{"line":34,"column":30}},"loc":{"start":{"line":34,"column":43},"end":{"line":44,"column":1}},"line":34},"4":{"name":"(anonymous_4)","decl":{"start":{"line":35,"column":23},"end":{"line":35,"column":24}},"loc":{"start":{"line":35,"column":44},"end":{"line":43,"column":5}},"line":35},"5":{"name":"(anonymous_5)","decl":{"start":{"line":36,"column":46},"end":{"line":36,"column":47}},"loc":{"start":{"line":36,"column":65},"end":{"line":42,"column":9}},"line":36}},"branchMap":{"0":{"loc":{"start":{"line":20,"column":16},"end":{"line":24,"column":17}},"type":"if","locations":[{"start":{"line":20,"column":16},"end":{"line":24,"column":17}},{"start":{},"end":{}}],"line":20},"1":{"loc":{"start":{"line":37,"column":12},"end":{"line":40,"column":13}},"type":"if","locations":[{"start":{"line":37,"column":12},"end":{"line":40,"column":13}},{"start":{},"end":{}}],"line":37}},"s":{"0":2,"1":2,"2":2,"3":2,"4":0,"5":0,"6":0,"7":0,"8":0,"9":0,"10":0,"11":2,"12":0,"13":0,"14":0,"15":0,"16":0,"17":0,"18":2},"f":{"0":0,"1":0,"2":0,"3":0,"4":0,"5":0},"b":{"0":[0,0],"1":[0,0]},"_coverageSchema":"1a1c01bbd47fc00a2c39e90264f33305004495a9","hash":"4322f02274ec9bbcfcfec58d9c4dd101f825f141"}
,"/home/kit/testpai/TestProject/backend/src/utils/jwt.js": {"path":"/home/kit/testpai/TestProject/backend/src/utils/jwt.js","statementMap":{"0":{"start":{"line":1,"column":0},"end":{"line":1,"column":27}},"1":{"start":{"line":2,"column":12},"end":{"line":2,"column":35}},"2":{"start":{"line":4,"column":15},"end":{"line":4,"column":37}},"3":{"start":{"line":5,"column":0},"end":{"line":7,"column":1}},"4":{"start":{"line":6,"column":4},"end":{"line":6,"column":57}},"5":{"start":{"line":9,"column":18},"end":{"line":11,"column":1}},"6":{"start":{"line":10,"column":4},"end":{"line":10,"column":46}},"7":{"start":{"line":13,"column":20},"end":{"line":15,"column":1}},"8":{"start":{"line":14,"column":4},"end":{"line":14,"column":37}},"9":{"start":{"line":17,"column":0},"end":{"line":17,"column":44}}},"fnMap":{"0":{"name":"(anonymous_0)","decl":{"start":{"line":9,"column":18},"end":{"line":9,"column":19}},"loc":{"start":{"line":9,"column":62},"end":{"line":11,"column":1}},"line":9},"1":{"name":"(anonymous_1)","decl":{"start":{"line":13,"column":20},"end":{"line":13,"column":21}},"loc":{"start":{"line":13,"column":31},"end":{"line":15,"column":1}},"line":13}},"branchMap":{"0":{"loc":{"start":{"line":5,"column":0},"end":{"line":7,"column":1}},"type":"if","locations":[{"start":{"line":5,"column":0},"end":{"line":7,"column":1}},{"start":{},"end":{}}],"line":5},"1":{"loc":{"start":{"line":9,"column":28},"end":{"line":9,"column":57}},"type":"default-arg","locations":[{"start":{"line":9,"column":38},"end":{"line":9,"column":57}}],"line":9}},"s":{"0":1,"1":1,"2":1,"3":1,"4":0,"5":1,"6":0,"7":1,"8":0,"9":1},"f":{"0":0,"1":0},"b":{"0":[0,1],"1":[0]},"_coverageSchema":"1a1c01bbd47fc00a2c39e90264f33305004495a9","hash":"a350f1e2e661d53277ae3e61e1928129e2b770fe"}
,"/home/kit/testpai/TestProject/backend/src/utils/prisma.js": {"path":"/home/kit/testpai/TestProject/backend/src/utils/prisma.js","statementMap":{"0":{"start":{"line":1,"column":25},"end":{"line":1,"column":50}},"1":{"start":{"line":5,"column":0},"end":{"line":12,"column":1}},"2":{"start":{"line":6,"column":4},"end":{"line":6,"column":32}},"3":{"start":{"line":8,"column":4},"end":{"line":10,"column":5}},"4":{"start":{"line":9,"column":8},"end":{"line":9,"column":43}},"5":{"start":{"line":11,"column":4},"end":{"line":11,"column":27}},"6":{"start":{"line":14,"column":0},"end":{"line":14,"column":24}}},"fnMap":{},"branchMap":{"0":{"loc":{"start":{"line":5,"column":0},"end":{"line":12,"column":1}},"type":"if","locations":[{"start":{"line":5,"column":0},"end":{"line":12,"column":1}},{"start":{"line":7,"column":7},"end":{"line":12,"column":1}}],"line":5},"1":{"loc":{"start":{"line":8,"column":4},"end":{"line":10,"column":5}},"type":"if","locations":[{"start":{"line":8,"column":4},"end":{"line":10,"column":5}},{"start":{},"end":{}}],"line":8}},"s":{"0":11,"1":11,"2":0,"3":11,"4":5,"5":11,"6":11},"f":{},"b":{"0":[0,11],"1":[5,6]},"_coverageSchema":"1a1c01bbd47fc00a2c39e90264f33305004495a9","hash":"622266c817d3d023fcfd6e06d14daf542865c9fc"}
}
