TN:
SF:backend/src/controllers/auth.controller.js
FN:7,(anonymous_0)
FN:82,(anonymous_1)
FN:122,(anonymous_2)
FN:153,(anonymous_3)
FNF:4
FNH:4
FNDA:3,(anonymous_0)
FNDA:2,(anonymous_1)
FNDA:1,(anonymous_2)
FNDA:1,(anonymous_3)
DA:1,1
DA:2,1
DA:3,1
DA:4,1
DA:5,1
DA:7,1
DA:8,3
DA:11,3
DA:12,3
DA:13,0
DA:14,0
DA:17,3
DA:18,1
DA:21,2
DA:23,2
DA:24,1
DA:27,1
DA:29,1
DA:30,1
DA:46,1
DA:52,0
DA:53,0
DA:73,1
DA:75,1
DA:82,1
DA:84,2
DA:85,2
DA:87,2
DA:89,2
DA:90,1
DA:91,1
DA:93,0
DA:96,1
DA:97,1
DA:112,0
DA:115,1
DA:122,1
DA:123,1
DA:125,1
DA:127,1
DA:128,1
DA:143,0
DA:146,1
DA:153,1
DA:154,1
DA:155,1
DA:157,1
DA:158,1
DA:172,0
DA:175,1
DA:181,1
LF:51
LH:43
BRDA:11,0,0,3
BRDA:11,0,1,0
BRDA:13,1,0,0
BRDA:13,1,1,0
BRDA:17,2,0,1
BRDA:17,2,1,2
BRDA:17,3,0,3
BRDA:17,3,1,3
BRDA:21,4,0,2
BRDA:21,4,1,0
BRDA:23,5,0,1
BRDA:23,5,1,1
BRDA:23,6,0,2
BRDA:23,6,1,2
BRDA:38,7,0,1
BRDA:38,7,1,0
BRDA:38,7,2,0
BRDA:41,8,0,1
BRDA:41,8,1,0
BRDA:89,9,0,1
BRDA:89,9,1,1
BRDA:90,10,0,1
BRDA:90,10,1,0
BRDA:103,11,0,1
BRDA:103,11,1,0
BRDA:103,11,2,0
BRDA:134,12,0,1
BRDA:134,12,1,0
BRDA:134,12,2,0
BRDA:154,13,0,1
BRDA:154,13,1,0
BRDA:155,14,0,1
BRDA:155,14,1,0
BRDA:161,15,0,1
BRDA:161,15,1,0
BRDA:165,16,0,1
BRDA:165,16,1,0
BRDA:167,17,0,1
BRDA:167,17,1,0
BRF:39
BRH:22
end_of_record
TN:
SF:backend/src/controllers/booking.controller.js
FN:6,(anonymous_0)
FN:11,(anonymous_1)
FN:31,(anonymous_2)
FN:52,(anonymous_3)
FN:84,(anonymous_4)
FN:90,(anonymous_5)
FN:99,(anonymous_6)
FN:115,(anonymous_7)
FN:146,(anonymous_8)
FN:174,(anonymous_9)
FN:196,(anonymous_10)
FNF:11
FNH:7
FNDA:1,(anonymous_0)
FNDA:1,(anonymous_1)
FNDA:0,(anonymous_2)
FNDA:1,(anonymous_3)
FNDA:0,(anonymous_4)
FNDA:0,(anonymous_5)
FNDA:4,(anonymous_6)
FNDA:1,(anonymous_7)
FNDA:1,(anonymous_8)
FNDA:0,(anonymous_9)
FNDA:1,(anonymous_10)
DA:1,1
DA:2,1
DA:3,1
DA:4,1
DA:6,1
DA:7,1
DA:8,1
DA:11,1
DA:12,1
DA:14,1
DA:15,1
DA:26,0
DA:28,1
DA:31,1
DA:32,0
DA:33,0
DA:35,0
DA:36,0
DA:47,0
DA:49,0
DA:52,1
DA:53,1
DA:54,1
DA:61,1
DA:63,1
DA:64,1
DA:79,0
DA:81,1
DA:84,1
DA:85,0
DA:86,0
DA:87,0
DA:90,1
DA:91,0
DA:93,0
DA:94,0
DA:96,0
DA:99,1
DA:100,4
DA:101,4
DA:102,4
DA:104,3
DA:105,3
DA:109,1
DA:112,2
DA:115,1
DA:116,1
DA:117,1
DA:118,1
DA:120,1
DA:126,1
DA:127,1
DA:141,0
DA:143,1
DA:146,1
DA:147,1
DA:148,1
DA:149,1
DA:151,1
DA:153,1
DA:154,1
DA:169,0
DA:171,1
DA:174,1
DA:175,0
DA:176,0
DA:177,0
DA:179,0
DA:180,0
DA:191,0
DA:193,0
DA:196,1
DA:197,1
DA:198,1
DA:200,1
DA:201,1
DA:212,0
DA:214,1
DA:217,1
LF:79
LH:54
BRDA:21,0,0,1
BRDA:21,0,1,0
BRDA:21,0,2,0
BRDA:42,1,0,0
BRDA:42,1,1,0
BRDA:42,1,2,0
BRDA:70,2,0,1
BRDA:70,2,1,0
BRDA:70,2,2,0
BRDA:94,3,0,0
BRDA:94,3,1,0
BRDA:102,4,0,1
BRDA:102,4,1,3
BRDA:105,5,0,1
BRDA:105,5,1,2
BRDA:106,6,0,3
BRDA:106,6,1,2
BRDA:133,7,0,1
BRDA:133,7,1,0
BRDA:133,7,2,0
BRDA:160,8,0,1
BRDA:160,8,1,0
BRDA:160,8,2,0
BRDA:186,9,0,0
BRDA:186,9,1,0
BRDA:186,9,2,0
BRDA:207,10,0,1
BRDA:207,10,1,0
BRDA:207,10,2,0
BRF:29
BRH:11
end_of_record
TN:
SF:backend/src/controllers/delete.controller.js
FN:12,(anonymous_0)
FNF:1
FNH:1
FNDA:4,(anonymous_0)
DA:1,1
DA:2,1
DA:3,1
DA:4,1
DA:5,1
DA:6,1
DA:7,1
DA:8,1
DA:9,1
DA:12,1
DA:13,4
DA:15,4
DA:16,1
DA:17,1
DA:20,3
DA:27,3
DA:29,3
DA:38,3
DA:42,3
DA:43,3
DA:51,3
DA:53,3
DA:54,1
DA:55,1
DA:57,3
DA:58,1
DA:59,1
DA:61,3
DA:62,1
DA:63,1
DA:65,3
DA:66,1
DA:67,1
DA:70,3
DA:71,3
DA:91,0
DA:94,3
DA:95,2
DA:108,1
DA:114,1
LF:40
LH:39
BRDA:13,0,0,4
BRDA:13,0,1,1
BRDA:15,1,0,1
BRDA:15,1,1,3
BRDA:53,2,0,1
BRDA:53,2,1,2
BRDA:57,3,0,1
BRDA:57,3,1,2
BRDA:61,4,0,1
BRDA:61,4,1,2
BRDA:61,5,0,3
BRDA:61,5,1,2
BRDA:65,6,0,1
BRDA:65,6,1,2
BRDA:77,7,0,3
BRDA:77,7,1,0
BRDA:77,7,2,0
BRDA:94,8,0,2
BRDA:94,8,1,1
BRDA:94,9,0,3
BRDA:94,9,1,2
BRF:21
BRH:19
end_of_record
TN:
SF:backend/src/controllers/driverVerification.controller.js
FN:8,(anonymous_0)
FN:17,(anonymous_1)
FN:27,(anonymous_2)
FN:98,(anonymous_3)
FN:152,(anonymous_4)
FN:161,(anonymous_5)
FN:172,(anonymous_6)
FN:235,(anonymous_7)
FN:259,(anonymous_8)
FN:273,(anonymous_9)
FNF:10
FNH:10
FNDA:1,(anonymous_0)
FNDA:1,(anonymous_1)
FNDA:2,(anonymous_2)
FNDA:2,(anonymous_3)
FNDA:1,(anonymous_4)
FNDA:2,(anonymous_5)
FNDA:2,(anonymous_6)
FNDA:1,(anonymous_7)
FNDA:2,(anonymous_8)
FNDA:1,(anonymous_9)
DA:1,1
DA:2,1
DA:3,1
DA:4,1
DA:5,1
DA:6,1
DA:8,1
DA:9,1
DA:10,1
DA:17,1
DA:18,1
DA:19,1
DA:20,1
DA:27,1
DA:28,2
DA:29,2
DA:30,1
DA:33,1
DA:41,1
DA:53,1
DA:55,1
DA:56,1
DA:71,0
DA:74,1
DA:89,1
DA:91,1
DA:98,1
DA:99,2
DA:100,2
DA:102,2
DA:103,2
DA:104,2
DA:106,1
DA:107,1
DA:108,0
DA:112,0
DA:115,1
DA:126,1
DA:128,1
DA:143,1
DA:145,1
DA:152,1
DA:153,1
DA:154,1
DA:161,1
DA:162,2
DA:163,2
DA:164,2
DA:165,1
DA:172,1
DA:173,2
DA:174,2
DA:175,2
DA:177,2
DA:178,2
DA:179,1
DA:193,1
DA:194,1
DA:208,0
DA:209,0
DA:225,0
DA:228,2
DA:235,1
DA:236,1
DA:238,1
DA:239,1
DA:240,1
DA:242,1
DA:243,0
DA:244,0
DA:247,1
DA:248,1
DA:250,1
DA:252,1
DA:259,1
DA:260,2
DA:262,2
DA:263,2
DA:265,1
DA:267,1
DA:273,1
DA:274,1
DA:275,1
DA:276,1
DA:278,1
DA:280,1
DA:281,0
DA:282,0
DA:284,1
DA:285,0
DA:286,0
DA:289,1
DA:290,1
DA:292,1
DA:294,1
DA:301,1
LF:96
LH:84
BRDA:29,0,0,1
BRDA:29,0,1,1
BRDA:29,1,0,2
BRDA:29,1,1,2
BRDA:29,1,2,1
BRDA:62,2,0,1
BRDA:62,2,1,0
BRDA:62,2,2,0
BRDA:103,3,0,0
BRDA:103,3,1,2
BRDA:104,4,0,1
BRDA:104,4,1,1
BRDA:107,5,0,0
BRDA:107,5,1,1
BRDA:117,6,0,0
BRDA:117,6,1,1
BRDA:120,7,0,0
BRDA:120,7,1,1
BRDA:164,8,0,1
BRDA:164,8,1,1
BRDA:178,9,0,1
BRDA:178,9,1,1
BRDA:193,10,0,1
BRDA:193,10,1,0
BRDA:208,11,0,0
BRDA:208,11,1,0
BRDA:238,12,0,1
BRDA:238,12,1,0
BRDA:242,13,0,0
BRDA:242,13,1,1
BRDA:247,14,0,0
BRDA:247,14,1,1
BRDA:248,15,0,0
BRDA:248,15,1,1
BRDA:263,16,0,1
BRDA:263,16,1,1
BRDA:276,17,0,0
BRDA:276,17,1,1
BRDA:280,18,0,0
BRDA:280,18,1,1
BRDA:284,19,0,0
BRDA:284,19,1,1
BRDA:289,20,0,0
BRDA:289,20,1,1
BRDA:290,21,0,0
BRDA:290,21,1,1
BRF:46
BRH:28
end_of_record
TN:
SF:backend/src/controllers/vehicle.controller.js
FN:8,(anonymous_0)
FN:18,(anonymous_1)
FN:29,(anonymous_2)
FN:45,(anonymous_3)
FN:61,(anonymous_4)
FN:67,(anonymous_5)
FN:72,(anonymous_6)
FN:101,(anonymous_7)
FN:108,(anonymous_8)
FN:112,(anonymous_9)
FN:141,(anonymous_10)
FN:167,(anonymous_11)
FN:179,(anonymous_12)
FN:188,(anonymous_13)
FN:197,(anonymous_14)
FN:205,(anonymous_15)
FN:210,(anonymous_16)
FN:240,(anonymous_17)
FN:250,(anonymous_18)
FN:252,(anonymous_19)
FN:281,(anonymous_20)
FNF:21
FNH:13
FNDA:1,(anonymous_0)
FNDA:0,(anonymous_1)
FNDA:2,(anonymous_2)
FNDA:2,(anonymous_3)
FNDA:1,(anonymous_4)
FNDA:1,(anonymous_5)
FNDA:1,(anonymous_6)
FNDA:1,(anonymous_7)
FNDA:0,(anonymous_8)
FNDA:0,(anonymous_9)
FNDA:1,(anonymous_10)
FNDA:1,(anonymous_11)
FNDA:1,(anonymous_12)
FNDA:0,(anonymous_13)
FNDA:1,(anonymous_14)
FNDA:0,(anonymous_15)
FNDA:0,(anonymous_16)
FNDA:1,(anonymous_17)
FNDA:0,(anonymous_18)
FNDA:0,(anonymous_19)
FNDA:1,(anonymous_20)
DA:1,1
DA:2,1
DA:3,1
DA:4,1
DA:5,1
DA:6,1
DA:8,1
DA:9,1
DA:10,1
DA:11,1
DA:18,1
DA:19,0
DA:20,0
DA:22,0
DA:29,1
DA:30,2
DA:31,2
DA:32,2
DA:34,2
DA:35,1
DA:38,1
DA:45,1
DA:46,2
DA:47,2
DA:49,2
DA:50,1
DA:53,1
DA:61,1
DA:62,1
DA:63,1
DA:65,1
DA:66,1
DA:68,1
DA:72,1
DA:75,1
DA:77,1
DA:78,1
DA:92,0
DA:94,1
DA:101,1
DA:102,1
DA:103,1
DA:104,1
DA:106,1
DA:107,0
DA:109,0
DA:112,0
DA:115,1
DA:117,1
DA:118,1
DA:132,0
DA:134,1
DA:141,1
DA:142,1
DA:143,1
DA:144,1
DA:146,1
DA:147,1
DA:158,0
DA:160,1
DA:167,1
DA:168,1
DA:169,1
DA:170,1
DA:172,1
DA:179,1
DA:180,1
DA:181,1
DA:188,1
DA:189,0
DA:190,0
DA:197,1
DA:198,1
DA:199,1
DA:201,1
DA:203,1
DA:204,0
DA:206,0
DA:210,0
DA:213,1
DA:215,1
DA:216,1
DA:231,0
DA:233,1
DA:240,1
DA:241,1
DA:242,1
DA:244,1
DA:245,0
DA:248,1
DA:249,0
DA:250,0
DA:252,0
DA:255,1
DA:257,1
DA:258,1
DA:272,0
DA:274,1
DA:281,1
DA:282,1
DA:283,1
DA:285,1
DA:286,1
DA:297,0
DA:299,1
DA:306,1
LF:106
LH:85
BRDA:34,0,0,1
BRDA:34,0,1,1
BRDA:49,1,0,1
BRDA:49,1,1,1
BRDA:65,2,0,1
BRDA:65,2,1,0
BRDA:84,3,0,1
BRDA:84,3,1,0
BRDA:84,3,2,0
BRDA:106,4,0,0
BRDA:106,4,1,1
BRDA:124,5,0,1
BRDA:124,5,1,0
BRDA:124,5,2,0
BRDA:153,6,0,1
BRDA:153,6,1,0
BRDA:153,6,2,0
BRDA:203,7,0,0
BRDA:203,7,1,1
BRDA:222,8,0,1
BRDA:222,8,1,0
BRDA:222,8,2,0
BRDA:244,9,0,0
BRDA:244,9,1,1
BRDA:248,10,0,0
BRDA:248,10,1,1
BRDA:264,11,0,1
BRDA:264,11,1,0
BRDA:264,11,2,0
BRDA:292,12,0,1
BRDA:292,12,1,0
BRDA:292,12,2,0
BRF:32
BRH:15
end_of_record
TN:
SF:backend/src/lib/prisma.js
FN:18,(anonymous_0)
FN:26,(anonymous_1)
FN:54,(anonymous_2)
FN:79,(anonymous_3)
FNF:4
FNH:1
FNDA:1,(anonymous_0)
FNDA:0,(anonymous_1)
FNDA:0,(anonymous_2)
FNDA:0,(anonymous_3)
DA:1,1
DA:2,1
DA:4,1
DA:7,1
DA:8,1
DA:18,1
DA:19,1
DA:23,1
DA:27,0
DA:29,0
DA:31,0
DA:33,0
DA:34,0
DA:35,0
DA:37,0
DA:38,0
DA:40,0
DA:41,0
DA:42,0
DA:44,0
DA:54,0
DA:57,0
DA:58,0
DA:59,0
DA:61,0
DA:62,0
DA:63,0
DA:64,0
DA:65,0
DA:69,0
DA:70,0
DA:79,0
DA:83,0
DA:90,1
DA:92,1
DA:94,1
DA:96,1
LF:37
LH:12
BRDA:20,0,0,0
BRDA:20,0,1,1
BRDA:31,1,0,0
BRDA:31,1,1,0
BRDA:33,2,0,0
BRDA:33,2,1,0
BRDA:34,3,0,0
BRDA:34,3,1,0
BRDA:35,4,0,0
BRDA:35,4,1,0
BRDA:37,5,0,0
BRDA:37,5,1,0
BRDA:41,6,0,0
BRDA:41,6,1,0
BRDA:41,7,0,0
BRDA:41,7,1,0
BRDA:42,8,0,0
BRDA:42,8,1,0
BRDA:42,9,0,0
BRDA:42,9,1,0
BRDA:51,10,0,0
BRDA:51,10,1,0
BRDA:58,11,0,0
BRDA:58,11,1,0
BRDA:58,12,0,0
BRDA:58,12,1,0
BRDA:61,13,0,0
BRDA:61,13,1,0
BRDA:62,14,0,0
BRDA:62,14,1,0
BRDA:63,15,0,0
BRDA:63,15,1,0
BRDA:64,16,0,0
BRDA:64,16,1,0
BRDA:64,17,0,0
BRDA:64,17,1,0
BRDA:64,17,2,0
BRDA:69,18,0,0
BRDA:69,18,1,0
BRDA:92,19,0,1
BRDA:92,19,1,1
BRDA:94,20,0,1
BRDA:94,20,1,0
BRF:43
BRH:4
end_of_record
TN:
SF:backend/src/services/booking.service.js
FN:8,(anonymous_0)
FN:111,(anonymous_1)
FN:112,(anonymous_2)
FN:149,(anonymous_3)
FN:150,(anonymous_4)
FN:165,(anonymous_5)
FN:175,(anonymous_6)
FN:217,(anonymous_7)
FN:218,(anonymous_8)
FN:285,(anonymous_9)
FN:317,(anonymous_10)
FN:324,(anonymous_11)
FN:334,(anonymous_12)
FN:381,(anonymous_13)
FN:396,(anonymous_14)
FN:441,(anonymous_15)
FN:463,(anonymous_16)
FN:471,(anonymous_17)
FNF:18
FNH:0
FNDA:0,(anonymous_0)
FNDA:0,(anonymous_1)
FNDA:0,(anonymous_2)
FNDA:0,(anonymous_3)
FNDA:0,(anonymous_4)
FNDA:0,(anonymous_5)
FNDA:0,(anonymous_6)
FNDA:0,(anonymous_7)
FNDA:0,(anonymous_8)
FNDA:0,(anonymous_9)
FNDA:0,(anonymous_10)
FNDA:0,(anonymous_11)
FNDA:0,(anonymous_12)
FNDA:0,(anonymous_13)
FNDA:0,(anonymous_14)
FNDA:0,(anonymous_15)
FNDA:0,(anonymous_16)
FNDA:0,(anonymous_17)
DA:1,2
DA:2,2
DA:3,2
DA:4,2
DA:6,2
DA:8,2
DA:23,0
DA:25,0
DA:82,0
DA:83,0
DA:85,0
DA:105,0
DA:111,2
DA:112,0
DA:113,0
DA:114,0
DA:117,0
DA:118,0
DA:120,0
DA:121,0
DA:123,0
DA:124,0
DA:127,0
DA:138,0
DA:142,0
DA:143,0
DA:145,0
DA:149,2
DA:150,0
DA:151,0
DA:154,0
DA:157,0
DA:158,0
DA:159,0
DA:160,0
DA:161,0
DA:162,0
DA:165,0
DA:166,0
DA:170,0
DA:171,0
DA:175,0
DA:176,0
DA:177,0
DA:178,0
DA:179,0
DA:180,0
DA:181,0
DA:185,0
DA:186,0
DA:192,0
DA:193,0
DA:196,0
DA:197,0
DA:201,0
DA:213,0
DA:217,2
DA:218,0
DA:220,0
DA:224,0
DA:225,0
DA:228,0
DA:229,0
DA:232,0
DA:233,0
DA:235,0
DA:236,0
DA:239,0
DA:249,0
DA:258,0
DA:259,0
DA:265,0
DA:281,0
DA:285,2
DA:286,0
DA:317,2
DA:318,0
DA:324,2
DA:325,0
DA:329,0
DA:330,0
DA:331,0
DA:334,0
DA:335,0
DA:340,0
DA:342,0
DA:343,0
DA:344,0
DA:345,0
DA:346,0
DA:348,0
DA:353,0
DA:365,0
DA:367,0
DA:377,0
DA:381,2
DA:382,0
DA:384,0
DA:388,0
DA:389,0
DA:390,0
DA:391,0
DA:394,0
DA:396,0
DA:397,0
DA:408,0
DA:409,0
DA:410,0
DA:411,0
DA:412,0
DA:414,0
DA:419,0
DA:420,0
DA:431,0
DA:434,0
DA:435,0
DA:438,0
DA:441,2
DA:442,0
DA:446,0
DA:450,0
DA:451,0
DA:453,0
DA:457,0
DA:459,0
DA:460,0
DA:463,2
DA:464,0
DA:468,0
DA:471,0
DA:472,0
DA:473,0
DA:474,0
DA:475,0
DA:477,0
DA:479,0
DA:480,0
DA:482,0
DA:489,0
DA:490,0
DA:494,2
LF:141
LH:16
BRDA:8,0,0,0
BRDA:10,1,0,0
BRDA:11,2,0,0
BRDA:21,3,0,0
BRDA:22,4,0,0
BRDA:27,5,0,0
BRDA:27,5,1,0
BRDA:28,6,0,0
BRDA:28,6,1,0
BRDA:29,7,0,0
BRDA:29,7,1,0
BRDA:30,8,0,0
BRDA:30,8,1,0
BRDA:30,9,0,0
BRDA:30,9,1,0
BRDA:32,10,0,0
BRDA:32,10,1,0
BRDA:33,11,0,0
BRDA:33,11,1,0
BRDA:36,12,0,0
BRDA:36,12,1,0
BRDA:36,13,0,0
BRDA:36,13,1,0
BRDA:36,13,2,0
BRDA:36,13,3,0
BRDA:38,14,0,0
BRDA:38,14,1,0
BRDA:39,15,0,0
BRDA:39,15,1,0
BRDA:39,16,0,0
BRDA:39,16,1,0
BRDA:41,17,0,0
BRDA:41,17,1,0
BRDA:42,18,0,0
BRDA:42,18,1,0
BRDA:45,19,0,0
BRDA:45,19,1,0
BRDA:64,20,0,0
BRDA:64,20,1,0
BRDA:114,21,0,0
BRDA:114,21,1,0
BRDA:117,22,0,0
BRDA:117,22,1,0
BRDA:120,23,0,0
BRDA:120,23,1,0
BRDA:123,24,0,0
BRDA:123,24,1,0
BRDA:142,25,0,0
BRDA:142,25,1,0
BRDA:154,26,0,0
BRDA:154,26,1,0
BRDA:157,27,0,0
BRDA:157,27,1,0
BRDA:160,28,0,0
BRDA:160,28,1,0
BRDA:161,29,0,0
BRDA:161,29,1,0
BRDA:162,30,0,0
BRDA:162,30,1,0
BRDA:170,31,0,0
BRDA:170,31,1,0
BRDA:170,32,0,0
BRDA:170,32,1,0
BRDA:177,33,0,0
BRDA:177,33,1,0
BRDA:178,34,0,0
BRDA:178,34,1,0
BRDA:179,35,0,0
BRDA:179,35,1,0
BRDA:180,36,0,0
BRDA:180,36,1,0
BRDA:185,37,0,0
BRDA:185,37,1,0
BRDA:192,38,0,0
BRDA:192,38,1,0
BRDA:196,39,0,0
BRDA:196,39,1,0
BRDA:207,40,0,0
BRDA:207,40,1,0
BRDA:208,41,0,0
BRDA:208,41,1,0
BRDA:224,42,0,0
BRDA:224,42,1,0
BRDA:228,43,0,0
BRDA:228,43,1,0
BRDA:232,44,0,0
BRDA:232,44,1,0
BRDA:235,45,0,0
BRDA:235,45,1,0
BRDA:258,46,0,0
BRDA:258,46,1,0
BRDA:329,47,0,0
BRDA:329,47,1,0
BRDA:330,48,0,0
BRDA:330,48,1,0
BRDA:340,49,0,0
BRDA:340,49,1,0
BRDA:345,50,0,0
BRDA:345,50,1,0
BRDA:345,51,0,0
BRDA:345,51,1,0
BRDA:365,52,0,0
BRDA:365,52,1,0
BRDA:381,53,0,0
BRDA:388,54,0,0
BRDA:388,54,1,0
BRDA:389,55,0,0
BRDA:389,55,1,0
BRDA:390,56,0,0
BRDA:390,56,1,0
BRDA:403,57,0,0
BRDA:403,57,1,0
BRDA:411,58,0,0
BRDA:411,58,1,0
BRDA:411,59,0,0
BRDA:411,59,1,0
BRDA:419,60,0,0
BRDA:419,60,1,0
BRDA:434,61,0,0
BRDA:434,61,1,0
BRDA:446,62,0,0
BRDA:446,62,1,0
BRDA:450,63,0,0
BRDA:450,63,1,0
BRDA:453,64,0,0
BRDA:453,64,1,0
BRDA:454,65,0,0
BRDA:454,65,1,0
BRDA:468,66,0,0
BRDA:468,66,1,0
BRDA:472,67,0,0
BRDA:472,67,1,0
BRDA:473,68,0,0
BRDA:473,68,1,0
BRDA:473,69,0,0
BRDA:473,69,1,0
BRDA:479,70,0,0
BRDA:479,70,1,0
BRDA:479,71,0,0
BRDA:479,71,1,0
BRF:140
BRH:0
end_of_record
TN:
SF:backend/src/services/delete.service.js
FN:6,(anonymous_0)
FN:30,(anonymous_1)
FN:40,(anonymous_2)
FN:51,(anonymous_3)
FN:59,(anonymous_4)
FN:67,(anonymous_5)
FNF:6
FNH:0
FNDA:0,(anonymous_0)
FNDA:0,(anonymous_1)
FNDA:0,(anonymous_2)
FNDA:0,(anonymous_3)
FNDA:0,(anonymous_4)
FNDA:0,(anonymous_5)
DA:1,1
DA:2,1
DA:14,0
DA:27,0
DA:31,0
DA:34,0
DA:35,0
DA:37,0
DA:41,0
DA:48,0
DA:52,0
DA:56,0
DA:60,0
DA:64,0
DA:68,0
DA:72,0
DA:76,1
LF:17
LH:3
BRDA:8,0,0,0
BRDA:9,1,0,0
BRDA:10,2,0,0
BRDA:11,3,0,0
BRDA:12,4,0,0
BRDA:34,5,0,0
BRDA:34,5,1,0
BRF:7
BRH:0
end_of_record
TN:
SF:backend/src/services/driverVerification.service.js
FN:3,(anonymous_0)
FN:91,(anonymous_1)
FN:98,(anonymous_2)
FN:106,(anonymous_3)
FN:113,(anonymous_4)
FN:119,(anonymous_5)
FN:129,(anonymous_6)
FN:141,(anonymous_7)
FN:149,(anonymous_8)
FN:150,(anonymous_9)
FN:174,(anonymous_10)
FN:175,(anonymous_11)
FN:210,(anonymous_12)
FN:218,(anonymous_13)
FN:224,(anonymous_14)
FNF:15
FNH:0
FNDA:0,(anonymous_0)
FNDA:0,(anonymous_1)
FNDA:0,(anonymous_2)
FNDA:0,(anonymous_3)
FNDA:0,(anonymous_4)
FNDA:0,(anonymous_5)
FNDA:0,(anonymous_6)
FNDA:0,(anonymous_7)
FNDA:0,(anonymous_8)
FNDA:0,(anonymous_9)
FNDA:0,(anonymous_10)
FNDA:0,(anonymous_11)
FNDA:0,(anonymous_12)
FNDA:0,(anonymous_13)
FNDA:0,(anonymous_14)
DA:1,1
DA:3,1
DA:15,0
DA:17,0
DA:59,0
DA:60,0
DA:62,0
DA:80,0
DA:91,1
DA:92,0
DA:98,1
DA:99,0
DA:106,1
DA:107,0
DA:113,1
DA:114,0
DA:115,0
DA:116,0
DA:119,0
DA:120,0
DA:121,0
DA:125,0
DA:129,1
DA:130,0
DA:134,0
DA:141,1
DA:142,0
DA:149,1
DA:150,0
DA:152,0
DA:153,0
DA:156,0
DA:162,0
DA:168,0
DA:170,0
DA:174,1
DA:175,0
DA:176,0
DA:180,0
DA:181,0
DA:186,0
DA:187,0
DA:195,0
DA:206,0
DA:210,1
DA:211,0
DA:215,0
DA:218,1
DA:219,0
DA:220,0
DA:221,0
DA:224,0
DA:225,0
DA:226,0
DA:230,0
DA:234,1
LF:56
LH:13
BRDA:3,0,0,0
BRDA:5,1,0,0
BRDA:6,2,0,0
BRDA:13,3,0,0
BRDA:14,4,0,0
BRDA:18,5,0,0
BRDA:18,5,1,0
BRDA:19,6,0,0
BRDA:19,6,1,0
BRDA:20,7,0,0
BRDA:20,7,1,0
BRDA:20,8,0,0
BRDA:20,8,1,0
BRDA:22,9,0,0
BRDA:22,9,1,0
BRDA:23,10,0,0
BRDA:23,10,1,0
BRDA:26,11,0,0
BRDA:26,11,1,0
BRDA:26,12,0,0
BRDA:26,12,1,0
BRDA:28,13,0,0
BRDA:28,13,1,0
BRDA:29,14,0,0
BRDA:29,14,1,0
BRDA:32,15,0,0
BRDA:32,15,1,0
BRDA:32,16,0,0
BRDA:32,16,1,0
BRDA:34,17,0,0
BRDA:34,17,1,0
BRDA:35,18,0,0
BRDA:35,18,1,0
BRDA:38,19,0,0
BRDA:38,19,1,0
BRDA:115,20,0,0
BRDA:115,20,1,0
BRDA:153,21,0,0
BRDA:153,21,1,0
BRDA:180,22,0,0
BRDA:180,22,1,0
BRDA:186,23,0,0
BRDA:186,23,1,0
BRDA:215,24,0,0
BRDA:215,24,1,0
BRDA:220,25,0,0
BRDA:220,25,1,0
BRF:47
BRH:0
end_of_record
TN:
SF:backend/src/services/email.service.js
FN:5,(anonymous_0)
FN:16,(anonymous_1)
FNF:2
FNH:1
FNDA:1,(anonymous_0)
FNDA:0,(anonymous_1)
DA:1,1
DA:7,1
DA:17,0
DA:18,0
DA:25,0
DA:28,0
DA:29,0
DA:34,1
LF:8
LH:3
BRF:0
BRH:0
end_of_record
TN:
SF:backend/src/services/notification.service.js
FN:17,(anonymous_0)
FN:50,(anonymous_1)
FN:86,(anonymous_2)
FN:125,(anonymous_3)
FN:136,(anonymous_4)
FN:147,(anonymous_5)
FN:158,(anonymous_6)
FN:169,(anonymous_7)
FN:180,(anonymous_8)
FN:188,(anonymous_9)
FN:196,(anonymous_10)
FN:204,(anonymous_11)
FNF:12
FNH:0
FNDA:0,(anonymous_0)
FNDA:0,(anonymous_1)
FNDA:0,(anonymous_2)
FNDA:0,(anonymous_3)
FNDA:0,(anonymous_4)
FNDA:0,(anonymous_5)
FNDA:0,(anonymous_6)
FNDA:0,(anonymous_7)
FNDA:0,(anonymous_8)
FNDA:0,(anonymous_9)
FNDA:0,(anonymous_10)
FNDA:0,(anonymous_11)
DA:1,1
DA:2,1
DA:4,1
DA:17,1
DA:18,0
DA:20,0
DA:50,1
DA:57,0
DA:59,0
DA:61,0
DA:62,0
DA:64,0
DA:75,0
DA:86,1
DA:93,0
DA:95,0
DA:97,0
DA:98,0
DA:100,0
DA:114,0
DA:125,1
DA:126,0
DA:130,0
DA:131,0
DA:133,0
DA:136,1
DA:137,0
DA:138,0
DA:140,0
DA:144,0
DA:147,1
DA:148,0
DA:149,0
DA:151,0
DA:158,1
DA:159,0
DA:160,0
DA:162,0
DA:169,1
DA:170,0
DA:171,0
DA:173,0
DA:180,1
DA:181,0
DA:185,0
DA:188,1
DA:189,0
DA:190,0
DA:192,0
DA:193,0
DA:196,1
DA:197,0
DA:198,0
DA:200,0
DA:201,0
DA:204,1
DA:205,0
DA:208,0
DA:211,1
LF:59
LH:16
BRDA:17,0,0,0
BRDA:21,1,0,0
BRDA:21,1,1,0
BRDA:22,2,0,0
BRDA:22,2,1,0
BRDA:23,3,0,0
BRDA:23,3,1,0
BRDA:24,4,0,0
BRDA:24,4,1,0
BRDA:28,5,0,0
BRDA:28,5,1,0
BRDA:29,6,0,0
BRDA:29,6,1,0
BRDA:31,7,0,0
BRDA:31,7,1,0
BRDA:31,8,0,0
BRDA:31,8,1,0
BRDA:34,9,0,0
BRDA:34,9,1,0
BRDA:35,10,0,0
BRDA:35,10,1,0
BRDA:39,11,0,0
BRDA:39,11,1,0
BRDA:50,12,0,0
BRDA:52,13,0,0
BRDA:53,14,0,0
BRDA:54,15,0,0
BRDA:55,16,0,0
BRDA:86,17,0,0
BRDA:88,18,0,0
BRDA:89,19,0,0
BRDA:90,20,0,0
BRDA:91,21,0,0
BRDA:130,22,0,0
BRDA:130,22,1,0
BRDA:130,23,0,0
BRDA:130,23,1,0
BRDA:138,24,0,0
BRDA:138,24,1,0
BRDA:149,25,0,0
BRDA:149,25,1,0
BRDA:149,26,0,0
BRDA:149,26,1,0
BRDA:160,27,0,0
BRDA:160,27,1,0
BRDA:160,28,0,0
BRDA:160,28,1,0
BRDA:171,29,0,0
BRDA:171,29,1,0
BRDA:190,30,0,0
BRDA:190,30,1,0
BRDA:190,31,0,0
BRDA:190,31,1,0
BRDA:198,32,0,0
BRDA:198,32,1,0
BRF:55
BRH:0
end_of_record
TN:
SF:backend/src/services/penalty.service.js
FN:8,addDays
FN:12,checkAndApplyPassengerSuspension
FN:71,checkAndApplyDriverSuspension
FNF:3
FNH:0
FNDA:0,addDays
FNDA:0,checkAndApplyPassengerSuspension
FNDA:0,checkAndApplyDriverSuspension
DA:1,3
DA:3,3
DA:4,3
DA:5,3
DA:6,3
DA:9,0
DA:13,0
DA:17,0
DA:20,0
DA:35,0
DA:46,0
DA:47,0
DA:48,0
DA:53,0
DA:54,0
DA:72,0
DA:73,0
DA:76,0
DA:88,0
DA:89,0
DA:90,0
DA:95,0
DA:96,0
DA:114,3
LF:24
LH:6
BRDA:12,0,0,0
BRDA:17,1,0,0
BRDA:17,1,1,0
BRDA:46,2,0,0
BRDA:46,2,1,0
BRDA:71,3,0,0
BRDA:72,4,0,0
BRDA:88,5,0,0
BRDA:88,5,1,0
BRF:9
BRH:0
end_of_record
TN:
SF:backend/src/services/route.service.js
FN:28,(anonymous_0)
FN:36,(anonymous_1)
FN:127,(anonymous_2)
FN:190,(anonymous_3)
FN:234,(anonymous_4)
FN:235,(anonymous_5)
FN:243,(anonymous_6)
FN:264,(anonymous_7)
FN:293,(anonymous_8)
FN:297,(anonymous_9)
FN:304,(anonymous_10)
FN:311,(anonymous_11)
FN:332,(anonymous_12)
FN:334,(anonymous_13)
FN:357,(anonymous_14)
FNF:15
FNH:0
FNDA:0,(anonymous_0)
FNDA:0,(anonymous_1)
FNDA:0,(anonymous_2)
FNDA:0,(anonymous_3)
FNDA:0,(anonymous_4)
FNDA:0,(anonymous_5)
FNDA:0,(anonymous_6)
FNDA:0,(anonymous_7)
FNDA:0,(anonymous_8)
FNDA:0,(anonymous_9)
FNDA:0,(anonymous_10)
FNDA:0,(anonymous_11)
FNDA:0,(anonymous_12)
FNDA:0,(anonymous_13)
FNDA:0,(anonymous_14)
DA:1,1
DA:2,1
DA:3,1
DA:4,1
DA:5,1
DA:7,1
DA:28,1
DA:29,0
DA:36,1
DA:37,0
DA:38,0
DA:39,0
DA:41,0
DA:42,0
DA:58,0
DA:60,0
DA:103,0
DA:104,0
DA:106,0
DA:116,0
DA:127,1
DA:136,0
DA:138,0
DA:141,0
DA:142,0
DA:143,0
DA:146,0
DA:147,0
DA:148,0
DA:149,0
DA:153,0
DA:190,0
DA:192,0
DA:220,0
DA:223,0
DA:234,0
DA:235,0
DA:237,0
DA:243,1
DA:244,0
DA:264,1
DA:265,0
DA:293,1
DA:294,0
DA:297,1
DA:298,0
DA:304,1
DA:305,0
DA:308,0
DA:311,1
DA:312,0
DA:314,0
DA:324,0
DA:325,0
DA:326,0
DA:327,0
DA:330,0
DA:331,0
DA:332,0
DA:334,0
DA:336,0
DA:345,0
DA:347,0
DA:357,0
DA:365,0
DA:366,0
DA:372,0
DA:374,0
DA:377,1
LF:69
LH:16
BRDA:37,0,0,0
BRDA:37,0,1,0
BRDA:38,1,0,0
BRDA:38,1,1,0
BRDA:39,2,0,0
BRDA:39,2,1,0
BRDA:41,3,0,0
BRDA:41,3,1,0
BRDA:41,4,0,0
BRDA:41,4,1,0
BRDA:46,5,0,0
BRDA:47,6,0,0
BRDA:54,7,0,0
BRDA:55,8,0,0
BRDA:58,9,0,0
BRDA:58,9,1,0
BRDA:61,10,0,0
BRDA:61,10,1,0
BRDA:62,11,0,0
BRDA:62,11,1,0
BRDA:63,12,0,0
BRDA:63,12,1,0
BRDA:64,13,0,0
BRDA:64,13,1,0
BRDA:64,14,0,0
BRDA:64,14,1,0
BRDA:66,15,0,0
BRDA:66,15,1,0
BRDA:67,16,0,0
BRDA:67,16,1,0
BRDA:70,17,0,0
BRDA:70,17,1,0
BRDA:71,18,0,0
BRDA:71,18,1,0
BRDA:127,19,0,0
BRDA:130,20,0,0
BRDA:130,21,0,0
BRDA:133,22,0,0
BRDA:134,23,0,0
BRDA:135,24,0,0
BRDA:142,25,0,0
BRDA:142,25,1,0
BRDA:143,26,0,0
BRDA:143,26,1,0
BRDA:143,27,0,0
BRDA:143,27,1,0
BRDA:146,28,0,0
BRDA:146,28,1,0
BRDA:147,29,0,0
BRDA:147,29,1,0
BRDA:148,30,0,0
BRDA:148,30,1,0
BRDA:149,31,0,0
BRDA:149,31,1,0
BRDA:220,32,0,0
BRDA:220,32,1,0
BRDA:223,33,0,0
BRDA:223,33,1,0
BRDA:311,34,0,0
BRDA:324,35,0,0
BRDA:324,35,1,0
BRDA:325,36,0,0
BRDA:325,36,1,0
BRDA:326,37,0,0
BRDA:326,37,1,0
BRDA:331,38,0,0
BRDA:331,38,1,0
BRDA:345,39,0,0
BRDA:345,39,1,0
BRF:69
BRH:0
end_of_record
TN:
SF:backend/src/services/user.service.js
FN:6,(anonymous_0)
FN:72,(anonymous_1)
FN:76,(anonymous_2)
FN:80,(anonymous_3)
FN:84,(anonymous_4)
FN:102,(anonymous_5)
FN:108,(anonymous_6)
FN:119,(anonymous_7)
FN:143,(anonymous_8)
FN:175,(anonymous_9)
FN:198,(anonymous_10)
FN:207,(anonymous_11)
FNF:12
FNH:0
FNDA:0,(anonymous_0)
FNDA:0,(anonymous_1)
FNDA:0,(anonymous_2)
FNDA:0,(anonymous_3)
FNDA:0,(anonymous_4)
FNDA:0,(anonymous_5)
FNDA:0,(anonymous_6)
FNDA:0,(anonymous_7)
FNDA:0,(anonymous_8)
FNDA:0,(anonymous_9)
FNDA:0,(anonymous_10)
FNDA:0,(anonymous_11)
DA:1,3
DA:2,3
DA:3,3
DA:4,3
DA:6,3
DA:18,0
DA:20,0
DA:42,0
DA:43,0
DA:45,0
DA:61,0
DA:72,3
DA:73,0
DA:76,3
DA:77,0
DA:80,3
DA:81,0
DA:84,3
DA:85,0
DA:102,0
DA:103,0
DA:104,0
DA:108,3
DA:109,0
DA:111,0
DA:112,0
DA:115,0
DA:116,0
DA:119,3
DA:120,0
DA:128,0
DA:129,0
DA:143,3
DA:144,0
DA:145,0
DA:146,0
DA:148,0
DA:149,0
DA:150,0
DA:152,0
DA:154,0
DA:169,0
DA:171,0
DA:172,0
DA:175,3
DA:176,0
DA:178,0
DA:179,0
DA:182,0
DA:184,0
DA:185,0
DA:188,0
DA:190,0
DA:195,0
DA:198,3
DA:199,0
DA:201,0
DA:202,0
DA:205,3
DA:207,3
DA:208,0
DA:210,0
DA:211,0
DA:234,3
LF:64
LH:17
BRDA:6,0,0,0
BRDA:8,1,0,0
BRDA:9,2,0,0
BRDA:16,3,0,0
BRDA:17,4,0,0
BRDA:21,5,0,0
BRDA:21,5,1,0
BRDA:22,6,0,0
BRDA:22,6,1,0
BRDA:23,7,0,0
BRDA:23,7,1,0
BRDA:24,8,0,0
BRDA:24,8,1,0
BRDA:24,9,0,0
BRDA:24,9,1,0
BRDA:26,10,0,0
BRDA:26,10,1,0
BRDA:27,11,0,0
BRDA:27,11,1,0
BRDA:30,12,0,0
BRDA:30,12,1,0
BRDA:111,13,0,0
BRDA:111,13,1,0
BRDA:128,14,0,0
BRDA:128,14,1,0
BRDA:145,15,0,0
BRDA:145,15,1,0
BRDA:149,16,0,0
BRDA:149,16,1,0
BRDA:166,17,0,0
BRDA:166,17,1,0
BRDA:178,18,0,0
BRDA:178,18,1,0
BRDA:184,19,0,0
BRDA:184,19,1,0
BRF:35
BRH:0
end_of_record
TN:
SF:backend/src/services/vehicle.service.js
FN:6,(anonymous_0)
FN:54,(anonymous_1)
FN:83,(anonymous_2)
FN:116,(anonymous_3)
FN:123,(anonymous_4)
FN:131,(anonymous_5)
FN:144,(anonymous_6)
FN:145,(anonymous_7)
FN:167,(anonymous_8)
FN:179,(anonymous_9)
FN:191,(anonymous_10)
FN:204,(anonymous_11)
FN:223,(anonymous_12)
FN:228,(anonymous_13)
FN:254,(anonymous_14)
FNF:15
FNH:0
FNDA:0,(anonymous_0)
FNDA:0,(anonymous_1)
FNDA:0,(anonymous_2)
FNDA:0,(anonymous_3)
FNDA:0,(anonymous_4)
FNDA:0,(anonymous_5)
FNDA:0,(anonymous_6)
FNDA:0,(anonymous_7)
FNDA:0,(anonymous_8)
FNDA:0,(anonymous_9)
FNDA:0,(anonymous_10)
FNDA:0,(anonymous_11)
FNDA:0,(anonymous_12)
FNDA:0,(anonymous_13)
FNDA:0,(anonymous_14)
DA:1,2
DA:2,2
DA:4,2
DA:6,2
DA:17,0
DA:19,0
DA:54,2
DA:61,0
DA:62,0
DA:64,0
DA:65,0
DA:67,0
DA:77,0
DA:83,2
DA:90,0
DA:91,0
DA:92,0
DA:93,0
DA:95,0
DA:110,0
DA:116,2
DA:117,0
DA:123,2
DA:124,0
DA:125,0
DA:126,0
DA:128,0
DA:131,2
DA:132,0
DA:134,0
DA:139,0
DA:144,2
DA:145,0
DA:146,0
DA:147,0
DA:148,0
DA:151,0
DA:152,0
DA:158,0
DA:163,0
DA:167,2
DA:168,0
DA:171,0
DA:172,0
DA:175,0
DA:176,0
DA:179,2
DA:180,0
DA:183,0
DA:184,0
DA:187,0
DA:188,0
DA:191,0
DA:192,0
DA:196,0
DA:200,0
DA:204,2
DA:205,0
DA:219,0
DA:220,0
DA:223,2
DA:224,0
DA:226,0
DA:228,0
DA:230,0
DA:231,0
DA:242,0
DA:250,0
DA:254,2
DA:255,0
DA:256,0
DA:257,0
DA:260,2
LF:73
LH:16
BRDA:6,0,0,0
BRDA:21,1,0,0
BRDA:21,1,1,0
BRDA:22,2,0,0
BRDA:22,2,1,0
BRDA:25,3,0,0
BRDA:25,3,1,0
BRDA:26,4,0,0
BRDA:26,4,1,0
BRDA:27,5,0,0
BRDA:27,5,1,0
BRDA:27,6,0,0
BRDA:27,6,1,0
BRDA:30,7,0,0
BRDA:30,7,1,0
BRDA:31,8,0,0
BRDA:31,8,1,0
BRDA:35,9,0,0
BRDA:35,9,1,0
BRDA:35,10,0,0
BRDA:35,10,1,0
BRDA:38,11,0,0
BRDA:38,11,1,0
BRDA:38,12,0,0
BRDA:38,12,1,0
BRDA:41,13,0,0
BRDA:41,13,1,0
BRDA:56,14,0,0
BRDA:57,15,0,0
BRDA:58,16,0,0
BRDA:59,17,0,0
BRDA:61,18,0,0
BRDA:61,18,1,0
BRDA:85,19,0,0
BRDA:86,20,0,0
BRDA:87,21,0,0
BRDA:88,22,0,0
BRDA:90,23,0,0
BRDA:90,23,1,0
BRDA:125,24,0,0
BRDA:125,24,1,0
BRDA:125,25,0,0
BRDA:125,25,1,0
BRDA:132,26,0,0
BRDA:132,26,1,0
BRDA:147,27,0,0
BRDA:147,27,1,0
BRDA:147,28,0,0
BRDA:147,28,1,0
BRDA:151,29,0,0
BRDA:151,29,1,0
BRDA:151,30,0,0
BRDA:151,30,1,0
BRDA:171,31,0,0
BRDA:171,31,1,0
BRDA:183,32,0,0
BRDA:183,32,1,0
BRDA:187,33,0,0
BRDA:187,33,1,0
BRDA:219,34,0,0
BRDA:219,34,1,0
BRDA:226,35,0,0
BRDA:226,35,1,0
BRDA:230,36,0,0
BRDA:230,36,1,0
BRF:65
BRH:0
end_of_record
TN:
SF:backend/src/utils/ApiError.js
FN:2,(anonymous_0)
FNF:1
FNH:1
FNDA:12,(anonymous_0)
DA:3,12
DA:4,12
DA:8,17
LF:3
LH:3
BRF:0
BRH:0
end_of_record
TN:
SF:backend/src/utils/cloudinary.js
FN:11,(anonymous_0)
FN:12,(anonymous_1)
FN:19,(anonymous_2)
FN:34,(anonymous_3)
FN:35,(anonymous_4)
FN:36,(anonymous_5)
FNF:6
FNH:0
FNDA:0,(anonymous_0)
FNDA:0,(anonymous_1)
FNDA:0,(anonymous_2)
FNDA:0,(anonymous_3)
FNDA:0,(anonymous_4)
FNDA:0,(anonymous_5)
DA:1,2
DA:2,2
DA:4,2
DA:11,2
DA:12,0
DA:14,0
DA:20,0
DA:21,0
DA:23,0
DA:26,0
DA:30,0
DA:34,2
DA:35,0
DA:36,0
DA:37,0
DA:38,0
DA:39,0
DA:41,0
DA:46,2
LF:19
LH:6
BRDA:20,0,0,0
BRDA:20,0,1,0
BRDA:37,1,0,0
BRDA:37,1,1,0
BRF:4
BRH:0
end_of_record
TN:
SF:backend/src/utils/jwt.js
FN:9,(anonymous_0)
FN:13,(anonymous_1)
FNF:2
FNH:0
FNDA:0,(anonymous_0)
FNDA:0,(anonymous_1)
DA:1,1
DA:2,1
DA:4,1
DA:5,1
DA:6,0
DA:9,1
DA:10,0
DA:13,1
DA:14,0
DA:17,1
LF:10
LH:7
BRDA:5,0,0,0
BRDA:5,0,1,1
BRDA:9,1,0,0
BRF:3
BRH:1
end_of_record
TN:
SF:backend/src/utils/prisma.js
FNF:0
FNH:0
DA:1,11
DA:5,11
DA:6,0
DA:8,11
DA:9,5
DA:11,11
DA:14,11
LF:7
LH:6
BRDA:5,0,0,0
BRDA:5,0,1,11
BRDA:8,1,0,5
BRDA:8,1,1,6
BRF:4
BRH:3
end_of_record
